{"C:\\Users\\ronal\\Desktop\\hacktiv8\\z-hiring-project\\index.js": {"path":"C:\\Users\\ronal\\Desktop\\hacktiv8\\z-hiring-project\\index.js","statementMap":{"0":{"start":{"line":1,"column":0},"end":{"line":1,"column":27}},"1":{"start":{"line":2,"column":16},"end":{"line":2,"column":34}},"2":{"start":{"line":3,"column":12},"end":{"line":3,"column":21}},"3":{"start":{"line":4,"column":13},"end":{"line":4,"column":17}},"4":{"start":{"line":6,"column":19},"end":{"line":6,"column":54}},"5":{"start":{"line":7,"column":19},"end":{"line":7,"column":56}},"6":{"start":{"line":8,"column":23},"end":{"line":8,"column":62}},"7":{"start":{"line":9,"column":22},"end":{"line":9,"column":60}},"8":{"start":{"line":11,"column":0},"end":{"line":11,"column":49}},"9":{"start":{"line":12,"column":0},"end":{"line":12,"column":24}},"10":{"start":{"line":15,"column":0},"end":{"line":15,"column":30}},"11":{"start":{"line":16,"column":0},"end":{"line":16,"column":45}},"12":{"start":{"line":17,"column":0},"end":{"line":17,"column":43}},"13":{"start":{"line":18,"column":0},"end":{"line":18,"column":37}},"14":{"start":{"line":21,"column":0},"end":{"line":21,"column":24}},"15":{"start":{"line":23,"column":0},"end":{"line":23,"column":39}},"16":{"start":{"line":24,"column":0},"end":{"line":24,"column":40}},"17":{"start":{"line":25,"column":0},"end":{"line":25,"column":51}},"18":{"start":{"line":26,"column":0},"end":{"line":26,"column":56}},"19":{"start":{"line":29,"column":0},"end":{"line":29,"column":63}},"20":{"start":{"line":30,"column":0},"end":{"line":30,"column":68}},"21":{"start":{"line":31,"column":0},"end":{"line":31,"column":75}},"22":{"start":{"line":32,"column":0},"end":{"line":32,"column":60}},"23":{"start":{"line":34,"column":0},"end":{"line":34,"column":20}},"24":{"start":{"line":37,"column":0},"end":{"line":37,"column":21}}},"fnMap":{},"branchMap":{},"s":{"0":3,"1":3,"2":3,"3":3,"4":3,"5":3,"6":3,"7":3,"8":3,"9":3,"10":3,"11":3,"12":3,"13":3,"14":3,"15":3,"16":3,"17":3,"18":3,"19":3,"20":3,"21":3,"22":3,"23":3,"24":3},"f":{},"b":{},"_coverageSchema":"1a1c01bbd47fc00a2c39e90264f33305004495a9","hash":"dc06fea6927ddd02cb6ffb330f9e45599877a664"}
,"C:\\Users\\ronal\\Desktop\\hacktiv8\\z-hiring-project\\config\\config.js": {"path":"C:\\Users\\ronal\\Desktop\\hacktiv8\\z-hiring-project\\config\\config.js","statementMap":{"0":{"start":{"line":1,"column":0},"end":{"line":1,"column":27}},"1":{"start":{"line":3,"column":0},"end":{"line":21,"column":2}}},"fnMap":{},"branchMap":{},"s":{"0":3,"1":3},"f":{},"b":{},"_coverageSchema":"1a1c01bbd47fc00a2c39e90264f33305004495a9","hash":"0245d5bf22418942fcbdf945a2f6f6199c57f6f7"}
,"C:\\Users\\ronal\\Desktop\\hacktiv8\\z-hiring-project\\controllers\\controller.js": {"path":"C:\\Users\\ronal\\Desktop\\hacktiv8\\z-hiring-project\\controllers\\controller.js","statementMap":{"0":{"start":{"line":1,"column":33},"end":{"line":1,"column":53}},"1":{"start":{"line":2,"column":28},"end":{"line":2,"column":56}},"2":{"start":{"line":3,"column":22},"end":{"line":3,"column":47}},"3":{"start":{"line":4,"column":15},"end":{"line":4,"column":35}},"4":{"start":{"line":8,"column":17},"end":{"line":8,"column":40}},"5":{"start":{"line":9,"column":4},"end":{"line":9,"column":31}},"6":{"start":{"line":12,"column":4},"end":{"line":26,"column":5}},"7":{"start":{"line":13,"column":19},"end":{"line":19,"column":8}},"8":{"start":{"line":20,"column":6},"end":{"line":22,"column":7}},"9":{"start":{"line":21,"column":8},"end":{"line":21,"column":44}},"10":{"start":{"line":23,"column":6},"end":{"line":23,"column":33}},"11":{"start":{"line":25,"column":6},"end":{"line":25,"column":18}},"12":{"start":{"line":29,"column":4},"end":{"line":56,"column":5}},"13":{"start":{"line":30,"column":41},"end":{"line":30,"column":49}},"14":{"start":{"line":31,"column":6},"end":{"line":31,"column":54}},"15":{"start":{"line":31,"column":18},"end":{"line":31,"column":54}},"16":{"start":{"line":32,"column":6},"end":{"line":32,"column":60}},"17":{"start":{"line":32,"column":21},"end":{"line":32,"column":60}},"18":{"start":{"line":33,"column":6},"end":{"line":33,"column":54}},"19":{"start":{"line":33,"column":18},"end":{"line":33,"column":54}},"20":{"start":{"line":35,"column":23},"end":{"line":37,"column":8}},"21":{"start":{"line":38,"column":6},"end":{"line":38,"column":58}},"22":{"start":{"line":38,"column":20},"end":{"line":38,"column":58}},"23":{"start":{"line":40,"column":17},"end":{"line":40,"column":22}},"24":{"start":{"line":41,"column":6},"end":{"line":43,"column":7}},"25":{"start":{"line":42,"column":8},"end":{"line":42,"column":20}},"26":{"start":{"line":44,"column":19},"end":{"line":48,"column":8}},"27":{"start":{"line":49,"column":6},"end":{"line":53,"column":9}},"28":{"start":{"line":55,"column":6},"end":{"line":55,"column":18}},"29":{"start":{"line":59,"column":4},"end":{"line":76,"column":5}},"30":{"start":{"line":60,"column":34},"end":{"line":60,"column":42}},"31":{"start":{"line":61,"column":6},"end":{"line":61,"column":54}},"32":{"start":{"line":61,"column":18},"end":{"line":61,"column":54}},"33":{"start":{"line":62,"column":6},"end":{"line":62,"column":60}},"34":{"start":{"line":62,"column":21},"end":{"line":62,"column":60}},"35":{"start":{"line":64,"column":19},"end":{"line":64,"column":59}},"36":{"start":{"line":65,"column":6},"end":{"line":65,"column":58}},"37":{"start":{"line":65,"column":17},"end":{"line":65,"column":58}},"38":{"start":{"line":67,"column":28},"end":{"line":67,"column":68}},"39":{"start":{"line":68,"column":6},"end":{"line":68,"column":67}},"40":{"start":{"line":68,"column":26},"end":{"line":68,"column":67}},"41":{"start":{"line":70,"column":22},"end":{"line":70,"column":37}},"42":{"start":{"line":71,"column":27},"end":{"line":71,"column":45}},"43":{"start":{"line":73,"column":6},"end":{"line":73,"column":45}},"44":{"start":{"line":75,"column":6},"end":{"line":75,"column":18}},"45":{"start":{"line":79,"column":4},"end":{"line":89,"column":5}},"46":{"start":{"line":80,"column":19},"end":{"line":85,"column":8}},"47":{"start":{"line":86,"column":6},"end":{"line":86,"column":33}},"48":{"start":{"line":88,"column":6},"end":{"line":88,"column":18}},"49":{"start":{"line":92,"column":4},"end":{"line":107,"column":5}},"50":{"start":{"line":93,"column":28},"end":{"line":93,"column":36}},"51":{"start":{"line":95,"column":26},"end":{"line":95,"column":59}},"52":{"start":{"line":96,"column":6},"end":{"line":96,"column":60}},"53":{"start":{"line":96,"column":24},"end":{"line":96,"column":60}},"54":{"start":{"line":98,"column":21},"end":{"line":98,"column":32}},"55":{"start":{"line":99,"column":19},"end":{"line":102,"column":8}},"56":{"start":{"line":104,"column":6},"end":{"line":104,"column":37}},"57":{"start":{"line":106,"column":6},"end":{"line":106,"column":18}},"58":{"start":{"line":110,"column":4},"end":{"line":126,"column":5}},"59":{"start":{"line":111,"column":22},"end":{"line":111,"column":35}},"60":{"start":{"line":112,"column":28},"end":{"line":112,"column":36}},"61":{"start":{"line":114,"column":24},"end":{"line":114,"column":53}},"62":{"start":{"line":115,"column":6},"end":{"line":115,"column":56}},"63":{"start":{"line":115,"column":22},"end":{"line":115,"column":56}},"64":{"start":{"line":117,"column":26},"end":{"line":117,"column":59}},"65":{"start":{"line":118,"column":6},"end":{"line":118,"column":60}},"66":{"start":{"line":118,"column":24},"end":{"line":118,"column":60}},"67":{"start":{"line":120,"column":6},"end":{"line":120,"column":38}},"68":{"start":{"line":121,"column":6},"end":{"line":121,"column":29}},"69":{"start":{"line":123,"column":6},"end":{"line":123,"column":66}},"70":{"start":{"line":125,"column":6},"end":{"line":125,"column":18}},"71":{"start":{"line":129,"column":4},"end":{"line":139,"column":5}},"72":{"start":{"line":130,"column":22},"end":{"line":130,"column":35}},"73":{"start":{"line":132,"column":19},"end":{"line":132,"column":48}},"74":{"start":{"line":133,"column":6},"end":{"line":133,"column":51}},"75":{"start":{"line":133,"column":17},"end":{"line":133,"column":51}},"76":{"start":{"line":134,"column":6},"end":{"line":134,"column":27}},"77":{"start":{"line":136,"column":6},"end":{"line":136,"column":66}},"78":{"start":{"line":138,"column":6},"end":{"line":138,"column":18}},"79":{"start":{"line":142,"column":4},"end":{"line":160,"column":5}},"80":{"start":{"line":143,"column":50},"end":{"line":143,"column":58}},"81":{"start":{"line":144,"column":19},"end":{"line":149,"column":8}},"82":{"start":{"line":151,"column":6},"end":{"line":157,"column":9}},"83":{"start":{"line":159,"column":6},"end":{"line":159,"column":18}},"84":{"start":{"line":163,"column":4},"end":{"line":179,"column":5}},"85":{"start":{"line":164,"column":24},"end":{"line":164,"column":37}},"86":{"start":{"line":165,"column":50},"end":{"line":165,"column":58}},"87":{"start":{"line":167,"column":19},"end":{"line":167,"column":52}},"88":{"start":{"line":168,"column":6},"end":{"line":168,"column":53}},"89":{"start":{"line":168,"column":17},"end":{"line":168,"column":53}},"90":{"start":{"line":170,"column":6},"end":{"line":170,"column":23}},"91":{"start":{"line":171,"column":6},"end":{"line":171,"column":37}},"92":{"start":{"line":172,"column":6},"end":{"line":172,"column":25}},"93":{"start":{"line":173,"column":6},"end":{"line":173,"column":25}},"94":{"start":{"line":174,"column":6},"end":{"line":174,"column":24}},"95":{"start":{"line":176,"column":6},"end":{"line":176,"column":68}},"96":{"start":{"line":178,"column":6},"end":{"line":178,"column":18}},"97":{"start":{"line":182,"column":4},"end":{"line":192,"column":5}},"98":{"start":{"line":183,"column":24},"end":{"line":183,"column":37}},"99":{"start":{"line":185,"column":19},"end":{"line":185,"column":52}},"100":{"start":{"line":186,"column":6},"end":{"line":186,"column":53}},"101":{"start":{"line":186,"column":17},"end":{"line":186,"column":53}},"102":{"start":{"line":187,"column":6},"end":{"line":187,"column":27}},"103":{"start":{"line":189,"column":6},"end":{"line":189,"column":68}},"104":{"start":{"line":191,"column":6},"end":{"line":191,"column":18}},"105":{"start":{"line":195,"column":4},"end":{"line":206,"column":5}},"106":{"start":{"line":196,"column":19},"end":{"line":202,"column":8}},"107":{"start":{"line":203,"column":6},"end":{"line":203,"column":33}},"108":{"start":{"line":205,"column":6},"end":{"line":205,"column":18}},"109":{"start":{"line":210,"column":0},"end":{"line":210,"column":28}}},"fnMap":{"0":{"name":"(anonymous_0)","decl":{"start":{"line":7,"column":2},"end":{"line":7,"column":3}},"loc":{"start":{"line":7,"column":36},"end":{"line":10,"column":3}},"line":7},"1":{"name":"(anonymous_1)","decl":{"start":{"line":11,"column":2},"end":{"line":11,"column":3}},"loc":{"start":{"line":11,"column":45},"end":{"line":27,"column":3}},"line":11},"2":{"name":"(anonymous_2)","decl":{"start":{"line":28,"column":2},"end":{"line":28,"column":3}},"loc":{"start":{"line":28,"column":40},"end":{"line":57,"column":3}},"line":28},"3":{"name":"(anonymous_3)","decl":{"start":{"line":58,"column":2},"end":{"line":58,"column":3}},"loc":{"start":{"line":58,"column":37},"end":{"line":77,"column":3}},"line":58},"4":{"name":"(anonymous_4)","decl":{"start":{"line":78,"column":2},"end":{"line":78,"column":3}},"loc":{"start":{"line":78,"column":40},"end":{"line":90,"column":3}},"line":78},"5":{"name":"(anonymous_5)","decl":{"start":{"line":91,"column":2},"end":{"line":91,"column":3}},"loc":{"start":{"line":91,"column":40},"end":{"line":108,"column":3}},"line":91},"6":{"name":"(anonymous_6)","decl":{"start":{"line":109,"column":2},"end":{"line":109,"column":3}},"loc":{"start":{"line":109,"column":41},"end":{"line":127,"column":3}},"line":109},"7":{"name":"(anonymous_7)","decl":{"start":{"line":128,"column":2},"end":{"line":128,"column":3}},"loc":{"start":{"line":128,"column":43},"end":{"line":140,"column":3}},"line":128},"8":{"name":"(anonymous_8)","decl":{"start":{"line":141,"column":2},"end":{"line":141,"column":3}},"loc":{"start":{"line":141,"column":42},"end":{"line":161,"column":3}},"line":141},"9":{"name":"(anonymous_9)","decl":{"start":{"line":162,"column":2},"end":{"line":162,"column":3}},"loc":{"start":{"line":162,"column":43},"end":{"line":180,"column":3}},"line":162},"10":{"name":"(anonymous_10)","decl":{"start":{"line":181,"column":2},"end":{"line":181,"column":3}},"loc":{"start":{"line":181,"column":45},"end":{"line":193,"column":3}},"line":181},"11":{"name":"(anonymous_11)","decl":{"start":{"line":194,"column":2},"end":{"line":194,"column":3}},"loc":{"start":{"line":194,"column":41},"end":{"line":207,"column":3}},"line":194}},"branchMap":{"0":{"loc":{"start":{"line":20,"column":6},"end":{"line":22,"column":7}},"type":"if","locations":[{"start":{"line":20,"column":6},"end":{"line":22,"column":7}},{"start":{},"end":{}}],"line":20},"1":{"loc":{"start":{"line":31,"column":6},"end":{"line":31,"column":54}},"type":"if","locations":[{"start":{"line":31,"column":6},"end":{"line":31,"column":54}},{"start":{},"end":{}}],"line":31},"2":{"loc":{"start":{"line":32,"column":6},"end":{"line":32,"column":60}},"type":"if","locations":[{"start":{"line":32,"column":6},"end":{"line":32,"column":60}},{"start":{},"end":{}}],"line":32},"3":{"loc":{"start":{"line":33,"column":6},"end":{"line":33,"column":54}},"type":"if","locations":[{"start":{"line":33,"column":6},"end":{"line":33,"column":54}},{"start":{},"end":{}}],"line":33},"4":{"loc":{"start":{"line":38,"column":6},"end":{"line":38,"column":58}},"type":"if","locations":[{"start":{"line":38,"column":6},"end":{"line":38,"column":58}},{"start":{},"end":{}}],"line":38},"5":{"loc":{"start":{"line":41,"column":6},"end":{"line":43,"column":7}},"type":"if","locations":[{"start":{"line":41,"column":6},"end":{"line":43,"column":7}},{"start":{},"end":{}}],"line":41},"6":{"loc":{"start":{"line":61,"column":6},"end":{"line":61,"column":54}},"type":"if","locations":[{"start":{"line":61,"column":6},"end":{"line":61,"column":54}},{"start":{},"end":{}}],"line":61},"7":{"loc":{"start":{"line":62,"column":6},"end":{"line":62,"column":60}},"type":"if","locations":[{"start":{"line":62,"column":6},"end":{"line":62,"column":60}},{"start":{},"end":{}}],"line":62},"8":{"loc":{"start":{"line":65,"column":6},"end":{"line":65,"column":58}},"type":"if","locations":[{"start":{"line":65,"column":6},"end":{"line":65,"column":58}},{"start":{},"end":{}}],"line":65},"9":{"loc":{"start":{"line":68,"column":6},"end":{"line":68,"column":67}},"type":"if","locations":[{"start":{"line":68,"column":6},"end":{"line":68,"column":67}},{"start":{},"end":{}}],"line":68},"10":{"loc":{"start":{"line":96,"column":6},"end":{"line":96,"column":60}},"type":"if","locations":[{"start":{"line":96,"column":6},"end":{"line":96,"column":60}},{"start":{},"end":{}}],"line":96},"11":{"loc":{"start":{"line":115,"column":6},"end":{"line":115,"column":56}},"type":"if","locations":[{"start":{"line":115,"column":6},"end":{"line":115,"column":56}},{"start":{},"end":{}}],"line":115},"12":{"loc":{"start":{"line":118,"column":6},"end":{"line":118,"column":60}},"type":"if","locations":[{"start":{"line":118,"column":6},"end":{"line":118,"column":60}},{"start":{},"end":{}}],"line":118},"13":{"loc":{"start":{"line":133,"column":6},"end":{"line":133,"column":51}},"type":"if","locations":[{"start":{"line":133,"column":6},"end":{"line":133,"column":51}},{"start":{},"end":{}}],"line":133},"14":{"loc":{"start":{"line":168,"column":6},"end":{"line":168,"column":53}},"type":"if","locations":[{"start":{"line":168,"column":6},"end":{"line":168,"column":53}},{"start":{},"end":{}}],"line":168},"15":{"loc":{"start":{"line":186,"column":6},"end":{"line":186,"column":53}},"type":"if","locations":[{"start":{"line":186,"column":6},"end":{"line":186,"column":53}},{"start":{},"end":{}}],"line":186}},"s":{"0":3,"1":3,"2":3,"3":3,"4":1,"5":1,"6":2,"7":2,"8":2,"9":1,"10":1,"11":1,"12":8,"13":8,"14":8,"15":1,"16":7,"17":1,"18":6,"19":1,"20":5,"21":5,"22":1,"23":4,"24":4,"25":1,"26":4,"27":2,"28":6,"29":6,"30":6,"31":6,"32":1,"33":5,"34":1,"35":4,"36":4,"37":1,"38":3,"39":3,"40":1,"41":2,"42":2,"43":2,"44":4,"45":1,"46":1,"47":1,"48":0,"49":3,"50":3,"51":3,"52":3,"53":2,"54":1,"55":1,"56":1,"57":2,"58":3,"59":3,"60":3,"61":3,"62":3,"63":1,"64":2,"65":2,"66":1,"67":1,"68":1,"69":1,"70":2,"71":2,"72":2,"73":2,"74":2,"75":1,"76":1,"77":1,"78":1,"79":3,"80":3,"81":3,"82":1,"83":2,"84":3,"85":3,"86":3,"87":3,"88":3,"89":1,"90":2,"91":2,"92":2,"93":2,"94":2,"95":1,"96":2,"97":1,"98":1,"99":1,"100":1,"101":0,"102":1,"103":1,"104":0,"105":1,"106":1,"107":1,"108":0,"109":3},"f":{"0":1,"1":2,"2":8,"3":6,"4":1,"5":3,"6":3,"7":2,"8":3,"9":3,"10":1,"11":1},"b":{"0":[1,1],"1":[1,7],"2":[1,6],"3":[1,5],"4":[1,4],"5":[1,3],"6":[1,5],"7":[1,4],"8":[1,3],"9":[1,2],"10":[2,1],"11":[1,2],"12":[1,1],"13":[1,1],"14":[1,2],"15":[0,1]},"_coverageSchema":"1a1c01bbd47fc00a2c39e90264f33305004495a9","hash":"f12a94ae53488d2fa4a028ed063558caa182b6e8"}
,"C:\\Users\\ronal\\Desktop\\hacktiv8\\z-hiring-project\\helpers\\bcrypt.js": {"path":"C:\\Users\\ronal\\Desktop\\hacktiv8\\z-hiring-project\\helpers\\bcrypt.js","statementMap":{"0":{"start":{"line":1,"column":15},"end":{"line":1,"column":32}},"1":{"start":{"line":4,"column":2},"end":{"line":4,"column":54}},"2":{"start":{"line":7,"column":2},"end":{"line":7,"column":46}},"3":{"start":{"line":10,"column":0},"end":{"line":10,"column":51}}},"fnMap":{"0":{"name":"hashPassword","decl":{"start":{"line":3,"column":9},"end":{"line":3,"column":21}},"loc":{"start":{"line":3,"column":28},"end":{"line":5,"column":1}},"line":3},"1":{"name":"comparePassword","decl":{"start":{"line":6,"column":9},"end":{"line":6,"column":24}},"loc":{"start":{"line":6,"column":43},"end":{"line":8,"column":1}},"line":6}},"branchMap":{},"s":{"0":3,"1":0,"2":3,"3":3},"f":{"0":0,"1":3},"b":{},"_coverageSchema":"1a1c01bbd47fc00a2c39e90264f33305004495a9","hash":"8dd1363635b6ef5a696862d65a7e4b4fa185bfaa"}
,"C:\\Users\\ronal\\Desktop\\hacktiv8\\z-hiring-project\\helpers\\jwt.js": {"path":"C:\\Users\\ronal\\Desktop\\hacktiv8\\z-hiring-project\\helpers\\jwt.js","statementMap":{"0":{"start":{"line":1,"column":12},"end":{"line":1,"column":35}},"1":{"start":{"line":2,"column":15},"end":{"line":2,"column":37}},"2":{"start":{"line":5,"column":2},"end":{"line":5,"column":35}},"3":{"start":{"line":8,"column":2},"end":{"line":8,"column":35}},"4":{"start":{"line":10,"column":0},"end":{"line":10,"column":44}}},"fnMap":{"0":{"name":"signToken","decl":{"start":{"line":4,"column":9},"end":{"line":4,"column":18}},"loc":{"start":{"line":4,"column":28},"end":{"line":6,"column":1}},"line":4},"1":{"name":"verifyToken","decl":{"start":{"line":7,"column":9},"end":{"line":7,"column":20}},"loc":{"start":{"line":7,"column":28},"end":{"line":9,"column":1}},"line":7}},"branchMap":{},"s":{"0":3,"1":3,"2":5,"3":27,"4":3},"f":{"0":5,"1":27},"b":{},"_coverageSchema":"1a1c01bbd47fc00a2c39e90264f33305004495a9","hash":"3314615143a67f235697fcb7af405779c504a76a"}
,"C:\\Users\\ronal\\Desktop\\hacktiv8\\z-hiring-project\\middlewares\\authentication.js": {"path":"C:\\Users\\ronal\\Desktop\\hacktiv8\\z-hiring-project\\middlewares\\authentication.js","statementMap":{"0":{"start":{"line":1,"column":24},"end":{"line":1,"column":49}},"1":{"start":{"line":2,"column":17},"end":{"line":2,"column":37}},"2":{"start":{"line":5,"column":2},"end":{"line":22,"column":3}},"3":{"start":{"line":6,"column":30},"end":{"line":6,"column":41}},"4":{"start":{"line":7,"column":4},"end":{"line":7,"column":56}},"5":{"start":{"line":7,"column":24},"end":{"line":7,"column":56}},"6":{"start":{"line":9,"column":33},"end":{"line":9,"column":57}},"7":{"start":{"line":10,"column":4},"end":{"line":10,"column":59}},"8":{"start":{"line":10,"column":27},"end":{"line":10,"column":59}},"9":{"start":{"line":12,"column":19},"end":{"line":12,"column":44}},"10":{"start":{"line":13,"column":4},"end":{"line":13,"column":49}},"11":{"start":{"line":13,"column":17},"end":{"line":13,"column":49}},"12":{"start":{"line":15,"column":17},"end":{"line":15,"column":47}},"13":{"start":{"line":16,"column":4},"end":{"line":16,"column":47}},"14":{"start":{"line":16,"column":15},"end":{"line":16,"column":47}},"15":{"start":{"line":18,"column":4},"end":{"line":18,"column":20}},"16":{"start":{"line":19,"column":4},"end":{"line":19,"column":11}},"17":{"start":{"line":21,"column":4},"end":{"line":21,"column":16}},"18":{"start":{"line":25,"column":0},"end":{"line":25,"column":32}}},"fnMap":{"0":{"name":"authentication","decl":{"start":{"line":4,"column":15},"end":{"line":4,"column":29}},"loc":{"start":{"line":4,"column":46},"end":{"line":23,"column":1}},"line":4}},"branchMap":{"0":{"loc":{"start":{"line":7,"column":4},"end":{"line":7,"column":56}},"type":"if","locations":[{"start":{"line":7,"column":4},"end":{"line":7,"column":56}},{"start":{},"end":{}}],"line":7},"1":{"loc":{"start":{"line":10,"column":4},"end":{"line":10,"column":59}},"type":"if","locations":[{"start":{"line":10,"column":4},"end":{"line":10,"column":59}},{"start":{},"end":{}}],"line":10},"2":{"loc":{"start":{"line":13,"column":4},"end":{"line":13,"column":49}},"type":"if","locations":[{"start":{"line":13,"column":4},"end":{"line":13,"column":49}},{"start":{},"end":{}}],"line":13},"3":{"loc":{"start":{"line":16,"column":4},"end":{"line":16,"column":47}},"type":"if","locations":[{"start":{"line":16,"column":4},"end":{"line":16,"column":47}},{"start":{},"end":{}}],"line":16}},"s":{"0":3,"1":3,"2":29,"3":29,"4":29,"5":1,"6":28,"7":28,"8":1,"9":27,"10":21,"11":0,"12":21,"13":21,"14":0,"15":21,"16":21,"17":8,"18":3},"f":{"0":29},"b":{"0":[1,28],"1":[1,27],"2":[0,21],"3":[0,21]},"_coverageSchema":"1a1c01bbd47fc00a2c39e90264f33305004495a9","hash":"22505bdd267133ed7251081cbea760fe5e17d744"}
,"C:\\Users\\ronal\\Desktop\\hacktiv8\\z-hiring-project\\middlewares\\authorization.js": {"path":"C:\\Users\\ronal\\Desktop\\hacktiv8\\z-hiring-project\\middlewares\\authorization.js","statementMap":{"0":{"start":{"line":2,"column":2},"end":{"line":9,"column":3}},"1":{"start":{"line":3,"column":4},"end":{"line":5,"column":5}},"2":{"start":{"line":4,"column":6},"end":{"line":4,"column":46}},"3":{"start":{"line":6,"column":4},"end":{"line":6,"column":11}},"4":{"start":{"line":8,"column":4},"end":{"line":8,"column":16}},"5":{"start":{"line":12,"column":0},"end":{"line":12,"column":31}}},"fnMap":{"0":{"name":"authorization","decl":{"start":{"line":1,"column":15},"end":{"line":1,"column":28}},"loc":{"start":{"line":1,"column":45},"end":{"line":10,"column":1}},"line":1}},"branchMap":{"0":{"loc":{"start":{"line":3,"column":4},"end":{"line":5,"column":5}},"type":"if","locations":[{"start":{"line":3,"column":4},"end":{"line":5,"column":5}},{"start":{},"end":{}}],"line":3}},"s":{"0":12,"1":12,"2":4,"3":8,"4":4,"5":3},"f":{"0":12},"b":{"0":[4,8]},"_coverageSchema":"1a1c01bbd47fc00a2c39e90264f33305004495a9","hash":"436ccd452a9c7a6e489a930a711596456ef4f14d"}
,"C:\\Users\\ronal\\Desktop\\hacktiv8\\z-hiring-project\\middlewares\\errorHandler.js": {"path":"C:\\Users\\ronal\\Desktop\\hacktiv8\\z-hiring-project\\middlewares\\errorHandler.js","statementMap":{"0":{"start":{"line":2,"column":2},"end":{"line":39,"column":3}},"1":{"start":{"line":5,"column":21},"end":{"line":5,"column":44}},"2":{"start":{"line":6,"column":6},"end":{"line":6,"column":48}},"3":{"start":{"line":7,"column":6},"end":{"line":7,"column":12}},"4":{"start":{"line":10,"column":6},"end":{"line":10,"column":57}},"5":{"start":{"line":11,"column":6},"end":{"line":11,"column":12}},"6":{"start":{"line":13,"column":6},"end":{"line":13,"column":61}},"7":{"start":{"line":14,"column":6},"end":{"line":14,"column":12}},"8":{"start":{"line":16,"column":6},"end":{"line":16,"column":64}},"9":{"start":{"line":17,"column":6},"end":{"line":17,"column":12}},"10":{"start":{"line":19,"column":6},"end":{"line":19,"column":61}},"11":{"start":{"line":20,"column":6},"end":{"line":20,"column":12}},"12":{"start":{"line":22,"column":6},"end":{"line":22,"column":66}},"13":{"start":{"line":23,"column":6},"end":{"line":23,"column":12}},"14":{"start":{"line":25,"column":6},"end":{"line":25,"column":63}},"15":{"start":{"line":26,"column":6},"end":{"line":26,"column":12}},"16":{"start":{"line":28,"column":6},"end":{"line":28,"column":65}},"17":{"start":{"line":29,"column":6},"end":{"line":29,"column":12}},"18":{"start":{"line":31,"column":6},"end":{"line":31,"column":59}},"19":{"start":{"line":32,"column":6},"end":{"line":32,"column":12}},"20":{"start":{"line":34,"column":6},"end":{"line":34,"column":61}},"21":{"start":{"line":35,"column":6},"end":{"line":35,"column":12}},"22":{"start":{"line":37,"column":6},"end":{"line":37,"column":65}},"23":{"start":{"line":38,"column":6},"end":{"line":38,"column":12}},"24":{"start":{"line":42,"column":0},"end":{"line":42,"column":28}}},"fnMap":{"0":{"name":"errHandler","decl":{"start":{"line":1,"column":15},"end":{"line":1,"column":25}},"loc":{"start":{"line":1,"column":49},"end":{"line":40,"column":1}},"line":1}},"branchMap":{"0":{"loc":{"start":{"line":2,"column":2},"end":{"line":39,"column":3}},"type":"switch","locations":[{"start":{"line":3,"column":4},"end":{"line":3,"column":36}},{"start":{"line":4,"column":4},"end":{"line":7,"column":12}},{"start":{"line":8,"column":4},"end":{"line":8,"column":29}},{"start":{"line":9,"column":4},"end":{"line":11,"column":12}},{"start":{"line":12,"column":4},"end":{"line":14,"column":12}},{"start":{"line":15,"column":4},"end":{"line":17,"column":12}},{"start":{"line":18,"column":4},"end":{"line":20,"column":12}},{"start":{"line":21,"column":4},"end":{"line":23,"column":12}},{"start":{"line":24,"column":4},"end":{"line":26,"column":12}},{"start":{"line":27,"column":4},"end":{"line":29,"column":12}},{"start":{"line":30,"column":4},"end":{"line":32,"column":12}},{"start":{"line":33,"column":4},"end":{"line":35,"column":12}},{"start":{"line":36,"column":4},"end":{"line":38,"column":12}}],"line":2}},"s":{"0":32,"1":5,"2":5,"3":5,"4":8,"5":8,"6":2,"7":2,"8":2,"9":2,"10":1,"11":1,"12":2,"13":2,"14":1,"15":1,"16":4,"17":4,"18":2,"19":2,"20":5,"21":5,"22":0,"23":0,"24":3},"f":{"0":32},"b":{"0":[4,5,6,8,2,2,1,2,1,4,2,5,0]},"_coverageSchema":"1a1c01bbd47fc00a2c39e90264f33305004495a9","hash":"4ff735ed7babe674dc5f9ce2070adaf3a09d62b5"}
,"C:\\Users\\ronal\\Desktop\\hacktiv8\\z-hiring-project\\models\\index.js": {"path":"C:\\Users\\ronal\\Desktop\\hacktiv8\\z-hiring-project\\models\\index.js","statementMap":{"0":{"start":{"line":3,"column":11},"end":{"line":3,"column":24}},"1":{"start":{"line":4,"column":13},"end":{"line":4,"column":28}},"2":{"start":{"line":5,"column":18},"end":{"line":5,"column":38}},"3":{"start":{"line":6,"column":16},"end":{"line":6,"column":34}},"4":{"start":{"line":7,"column":17},"end":{"line":7,"column":42}},"5":{"start":{"line":8,"column":12},"end":{"line":8,"column":49}},"6":{"start":{"line":9,"column":15},"end":{"line":9,"column":63}},"7":{"start":{"line":10,"column":11},"end":{"line":10,"column":13}},"8":{"start":{"line":13,"column":0},"end":{"line":22,"column":1}},"9":{"start":{"line":14,"column":2},"end":{"line":14,"column":74}},"10":{"start":{"line":16,"column":2},"end":{"line":21,"column":4}},"11":{"start":{"line":24,"column":0},"end":{"line":39,"column":5}},"12":{"start":{"line":26,"column":4},"end":{"line":31,"column":6}},"13":{"start":{"line":34,"column":18},"end":{"line":37,"column":5}},"14":{"start":{"line":38,"column":4},"end":{"line":38,"column":27}},"15":{"start":{"line":41,"column":0},"end":{"line":45,"column":3}},"16":{"start":{"line":42,"column":2},"end":{"line":44,"column":3}},"17":{"start":{"line":43,"column":4},"end":{"line":43,"column":32}},"18":{"start":{"line":47,"column":0},"end":{"line":47,"column":25}},"19":{"start":{"line":48,"column":0},"end":{"line":48,"column":25}},"20":{"start":{"line":50,"column":0},"end":{"line":50,"column":20}}},"fnMap":{"0":{"name":"(anonymous_0)","decl":{"start":{"line":25,"column":10},"end":{"line":25,"column":11}},"loc":{"start":{"line":25,"column":20},"end":{"line":32,"column":3}},"line":25},"1":{"name":"(anonymous_1)","decl":{"start":{"line":33,"column":11},"end":{"line":33,"column":12}},"loc":{"start":{"line":33,"column":21},"end":{"line":39,"column":3}},"line":33},"2":{"name":"(anonymous_2)","decl":{"start":{"line":41,"column":24},"end":{"line":41,"column":25}},"loc":{"start":{"line":41,"column":39},"end":{"line":45,"column":1}},"line":41}},"branchMap":{"0":{"loc":{"start":{"line":8,"column":12},"end":{"line":8,"column":49}},"type":"binary-expr","locations":[{"start":{"line":8,"column":12},"end":{"line":8,"column":32}},{"start":{"line":8,"column":36},"end":{"line":8,"column":49}}],"line":8},"1":{"loc":{"start":{"line":13,"column":0},"end":{"line":22,"column":1}},"type":"if","locations":[{"start":{"line":13,"column":0},"end":{"line":22,"column":1}},{"start":{"line":15,"column":7},"end":{"line":22,"column":1}}],"line":13},"2":{"loc":{"start":{"line":27,"column":6},"end":{"line":30,"column":37}},"type":"binary-expr","locations":[{"start":{"line":27,"column":6},"end":{"line":27,"column":29}},{"start":{"line":28,"column":6},"end":{"line":28,"column":23}},{"start":{"line":29,"column":6},"end":{"line":29,"column":30}},{"start":{"line":30,"column":6},"end":{"line":30,"column":37}}],"line":27},"3":{"loc":{"start":{"line":42,"column":2},"end":{"line":44,"column":3}},"type":"if","locations":[{"start":{"line":42,"column":2},"end":{"line":44,"column":3}},{"start":{},"end":{}}],"line":42}},"s":{"0":3,"1":3,"2":3,"3":3,"4":3,"5":3,"6":3,"7":3,"8":3,"9":0,"10":3,"11":3,"12":12,"13":9,"14":9,"15":3,"16":9,"17":9,"18":3,"19":3,"20":3},"f":{"0":12,"1":9,"2":9},"b":{"0":[3,0],"1":[0,3],"2":[12,12,9,9],"3":[9,0]},"_coverageSchema":"1a1c01bbd47fc00a2c39e90264f33305004495a9","hash":"5dc746b67491a0332fa36e3db32bd7a707bd0754"}
,"C:\\Users\\ronal\\Desktop\\hacktiv8\\z-hiring-project\\models\\order.js": {"path":"C:\\Users\\ronal\\Desktop\\hacktiv8\\z-hiring-project\\models\\order.js","statementMap":{"0":{"start":{"line":2,"column":18},"end":{"line":2,"column":38}},"1":{"start":{"line":3,"column":0},"end":{"line":37,"column":2}},"2":{"start":{"line":6,"column":6},"end":{"line":8,"column":9}},"3":{"start":{"line":9,"column":6},"end":{"line":11,"column":9}},"4":{"start":{"line":14,"column":2},"end":{"line":35,"column":4}},"5":{"start":{"line":36,"column":2},"end":{"line":36,"column":15}}},"fnMap":{"0":{"name":"(anonymous_0)","decl":{"start":{"line":3,"column":17},"end":{"line":3,"column":18}},"loc":{"start":{"line":3,"column":43},"end":{"line":37,"column":1}},"line":3},"1":{"name":"(anonymous_1)","decl":{"start":{"line":5,"column":4},"end":{"line":5,"column":5}},"loc":{"start":{"line":5,"column":29},"end":{"line":12,"column":5}},"line":5}},"branchMap":{},"s":{"0":3,"1":3,"2":3,"3":3,"4":3,"5":3},"f":{"0":3,"1":3},"b":{},"_coverageSchema":"1a1c01bbd47fc00a2c39e90264f33305004495a9","hash":"c977f17368f01078f02d1b268856c2a1101041bc"}
,"C:\\Users\\ronal\\Desktop\\hacktiv8\\z-hiring-project\\models\\product.js": {"path":"C:\\Users\\ronal\\Desktop\\hacktiv8\\z-hiring-project\\models\\product.js","statementMap":{"0":{"start":{"line":2,"column":18},"end":{"line":2,"column":38}},"1":{"start":{"line":3,"column":0},"end":{"line":53,"column":2}},"2":{"start":{"line":6,"column":6},"end":{"line":8,"column":9}},"3":{"start":{"line":11,"column":2},"end":{"line":51,"column":4}},"4":{"start":{"line":52,"column":2},"end":{"line":52,"column":17}}},"fnMap":{"0":{"name":"(anonymous_0)","decl":{"start":{"line":3,"column":17},"end":{"line":3,"column":18}},"loc":{"start":{"line":3,"column":43},"end":{"line":53,"column":1}},"line":3},"1":{"name":"(anonymous_1)","decl":{"start":{"line":5,"column":4},"end":{"line":5,"column":5}},"loc":{"start":{"line":5,"column":29},"end":{"line":9,"column":5}},"line":5}},"branchMap":{},"s":{"0":3,"1":3,"2":3,"3":3,"4":3},"f":{"0":3,"1":3},"b":{},"_coverageSchema":"1a1c01bbd47fc00a2c39e90264f33305004495a9","hash":"ac783b95f92a85557b7410cb57669cb99c9ee6cf"}
,"C:\\Users\\ronal\\Desktop\\hacktiv8\\z-hiring-project\\models\\user.js": {"path":"C:\\Users\\ronal\\Desktop\\hacktiv8\\z-hiring-project\\models\\user.js","statementMap":{"0":{"start":{"line":2,"column":18},"end":{"line":2,"column":38}},"1":{"start":{"line":3,"column":15},"end":{"line":3,"column":34}},"2":{"start":{"line":5,"column":0},"end":{"line":73,"column":2}},"3":{"start":{"line":8,"column":6},"end":{"line":10,"column":9}},"4":{"start":{"line":13,"column":2},"end":{"line":71,"column":4}},"5":{"start":{"line":63,"column":21},"end":{"line":63,"column":42}},"6":{"start":{"line":64,"column":21},"end":{"line":64,"column":61}},"7":{"start":{"line":65,"column":10},"end":{"line":65,"column":35}},"8":{"start":{"line":72,"column":2},"end":{"line":72,"column":14}}},"fnMap":{"0":{"name":"(anonymous_0)","decl":{"start":{"line":5,"column":17},"end":{"line":5,"column":18}},"loc":{"start":{"line":5,"column":43},"end":{"line":73,"column":1}},"line":5},"1":{"name":"(anonymous_1)","decl":{"start":{"line":7,"column":4},"end":{"line":7,"column":5}},"loc":{"start":{"line":7,"column":29},"end":{"line":11,"column":5}},"line":7},"2":{"name":"(anonymous_2)","decl":{"start":{"line":62,"column":8},"end":{"line":62,"column":9}},"loc":{"start":{"line":62,"column":40},"end":{"line":66,"column":9}},"line":62}},"branchMap":{},"s":{"0":3,"1":3,"2":3,"3":3,"4":3,"5":5,"6":5,"7":5,"8":3},"f":{"0":3,"1":3,"2":5},"b":{},"_coverageSchema":"1a1c01bbd47fc00a2c39e90264f33305004495a9","hash":"91c66b9445caf1f49859f5359fdc3ec7a9d23aa1"}
}
