{"C:\\Users\\ronal\\Desktop\\hacktiv8\\z-hiring-project\\index.js": {"path":"C:\\Users\\ronal\\Desktop\\hacktiv8\\z-hiring-project\\index.js","statementMap":{"0":{"start":{"line":1,"column":0},"end":{"line":1,"column":27}},"1":{"start":{"line":2,"column":16},"end":{"line":2,"column":34}},"2":{"start":{"line":3,"column":12},"end":{"line":3,"column":21}},"3":{"start":{"line":4,"column":13},"end":{"line":4,"column":17}},"4":{"start":{"line":6,"column":19},"end":{"line":6,"column":54}},"5":{"start":{"line":7,"column":19},"end":{"line":7,"column":56}},"6":{"start":{"line":8,"column":23},"end":{"line":8,"column":62}},"7":{"start":{"line":9,"column":22},"end":{"line":9,"column":60}},"8":{"start":{"line":11,"column":0},"end":{"line":11,"column":49}},"9":{"start":{"line":12,"column":0},"end":{"line":12,"column":24}},"10":{"start":{"line":15,"column":0},"end":{"line":15,"column":30}},"11":{"start":{"line":16,"column":0},"end":{"line":16,"column":45}},"12":{"start":{"line":17,"column":0},"end":{"line":17,"column":43}},"13":{"start":{"line":18,"column":0},"end":{"line":18,"column":37}},"14":{"start":{"line":21,"column":0},"end":{"line":21,"column":24}},"15":{"start":{"line":23,"column":0},"end":{"line":23,"column":39}},"16":{"start":{"line":24,"column":0},"end":{"line":24,"column":40}},"17":{"start":{"line":25,"column":0},"end":{"line":25,"column":51}},"18":{"start":{"line":26,"column":0},"end":{"line":26,"column":56}},"19":{"start":{"line":29,"column":0},"end":{"line":29,"column":63}},"20":{"start":{"line":30,"column":0},"end":{"line":30,"column":68}},"21":{"start":{"line":31,"column":0},"end":{"line":31,"column":75}},"22":{"start":{"line":32,"column":0},"end":{"line":32,"column":60}},"23":{"start":{"line":34,"column":0},"end":{"line":34,"column":20}},"24":{"start":{"line":37,"column":0},"end":{"line":37,"column":21}}},"fnMap":{},"branchMap":{},"s":{"0":2,"1":2,"2":2,"3":2,"4":2,"5":2,"6":2,"7":2,"8":2,"9":2,"10":2,"11":2,"12":2,"13":2,"14":2,"15":2,"16":2,"17":2,"18":2,"19":2,"20":2,"21":2,"22":2,"23":2,"24":2},"f":{},"b":{},"_coverageSchema":"1a1c01bbd47fc00a2c39e90264f33305004495a9","hash":"dc06fea6927ddd02cb6ffb330f9e45599877a664"}
,"C:\\Users\\ronal\\Desktop\\hacktiv8\\z-hiring-project\\config\\config.js": {"path":"C:\\Users\\ronal\\Desktop\\hacktiv8\\z-hiring-project\\config\\config.js","statementMap":{"0":{"start":{"line":1,"column":0},"end":{"line":1,"column":27}},"1":{"start":{"line":3,"column":0},"end":{"line":21,"column":2}}},"fnMap":{},"branchMap":{},"s":{"0":2,"1":2},"f":{},"b":{},"_coverageSchema":"1a1c01bbd47fc00a2c39e90264f33305004495a9","hash":"0245d5bf22418942fcbdf945a2f6f6199c57f6f7"}
,"C:\\Users\\ronal\\Desktop\\hacktiv8\\z-hiring-project\\controllers\\controller.js": {"path":"C:\\Users\\ronal\\Desktop\\hacktiv8\\z-hiring-project\\controllers\\controller.js","statementMap":{"0":{"start":{"line":1,"column":33},"end":{"line":1,"column":53}},"1":{"start":{"line":2,"column":28},"end":{"line":2,"column":56}},"2":{"start":{"line":3,"column":22},"end":{"line":3,"column":47}},"3":{"start":{"line":4,"column":15},"end":{"line":4,"column":35}},"4":{"start":{"line":8,"column":4},"end":{"line":13,"column":5}},"5":{"start":{"line":9,"column":19},"end":{"line":9,"column":42}},"6":{"start":{"line":10,"column":6},"end":{"line":10,"column":33}},"7":{"start":{"line":12,"column":6},"end":{"line":12,"column":18}},"8":{"start":{"line":16,"column":4},"end":{"line":30,"column":5}},"9":{"start":{"line":17,"column":19},"end":{"line":23,"column":8}},"10":{"start":{"line":24,"column":6},"end":{"line":26,"column":7}},"11":{"start":{"line":25,"column":8},"end":{"line":25,"column":44}},"12":{"start":{"line":27,"column":6},"end":{"line":27,"column":33}},"13":{"start":{"line":29,"column":6},"end":{"line":29,"column":18}},"14":{"start":{"line":33,"column":4},"end":{"line":60,"column":5}},"15":{"start":{"line":34,"column":41},"end":{"line":34,"column":49}},"16":{"start":{"line":35,"column":6},"end":{"line":35,"column":54}},"17":{"start":{"line":35,"column":18},"end":{"line":35,"column":54}},"18":{"start":{"line":36,"column":6},"end":{"line":36,"column":60}},"19":{"start":{"line":36,"column":21},"end":{"line":36,"column":60}},"20":{"start":{"line":37,"column":6},"end":{"line":37,"column":54}},"21":{"start":{"line":37,"column":18},"end":{"line":37,"column":54}},"22":{"start":{"line":39,"column":23},"end":{"line":41,"column":8}},"23":{"start":{"line":42,"column":6},"end":{"line":42,"column":58}},"24":{"start":{"line":42,"column":20},"end":{"line":42,"column":58}},"25":{"start":{"line":44,"column":17},"end":{"line":44,"column":22}},"26":{"start":{"line":45,"column":6},"end":{"line":47,"column":7}},"27":{"start":{"line":46,"column":8},"end":{"line":46,"column":20}},"28":{"start":{"line":48,"column":19},"end":{"line":52,"column":8}},"29":{"start":{"line":53,"column":6},"end":{"line":57,"column":9}},"30":{"start":{"line":59,"column":6},"end":{"line":59,"column":18}},"31":{"start":{"line":63,"column":4},"end":{"line":80,"column":5}},"32":{"start":{"line":64,"column":34},"end":{"line":64,"column":42}},"33":{"start":{"line":65,"column":6},"end":{"line":65,"column":54}},"34":{"start":{"line":65,"column":18},"end":{"line":65,"column":54}},"35":{"start":{"line":66,"column":6},"end":{"line":66,"column":60}},"36":{"start":{"line":66,"column":21},"end":{"line":66,"column":60}},"37":{"start":{"line":68,"column":19},"end":{"line":68,"column":59}},"38":{"start":{"line":69,"column":6},"end":{"line":69,"column":58}},"39":{"start":{"line":69,"column":17},"end":{"line":69,"column":58}},"40":{"start":{"line":71,"column":28},"end":{"line":71,"column":68}},"41":{"start":{"line":72,"column":6},"end":{"line":72,"column":67}},"42":{"start":{"line":72,"column":26},"end":{"line":72,"column":67}},"43":{"start":{"line":74,"column":22},"end":{"line":74,"column":37}},"44":{"start":{"line":75,"column":27},"end":{"line":75,"column":45}},"45":{"start":{"line":77,"column":6},"end":{"line":77,"column":45}},"46":{"start":{"line":79,"column":6},"end":{"line":79,"column":18}},"47":{"start":{"line":83,"column":4},"end":{"line":93,"column":5}},"48":{"start":{"line":84,"column":19},"end":{"line":89,"column":8}},"49":{"start":{"line":90,"column":6},"end":{"line":90,"column":33}},"50":{"start":{"line":92,"column":6},"end":{"line":92,"column":18}},"51":{"start":{"line":96,"column":4},"end":{"line":111,"column":5}},"52":{"start":{"line":97,"column":28},"end":{"line":97,"column":36}},"53":{"start":{"line":99,"column":26},"end":{"line":99,"column":59}},"54":{"start":{"line":100,"column":6},"end":{"line":100,"column":60}},"55":{"start":{"line":100,"column":24},"end":{"line":100,"column":60}},"56":{"start":{"line":102,"column":21},"end":{"line":102,"column":32}},"57":{"start":{"line":103,"column":19},"end":{"line":106,"column":8}},"58":{"start":{"line":108,"column":6},"end":{"line":108,"column":37}},"59":{"start":{"line":110,"column":6},"end":{"line":110,"column":18}},"60":{"start":{"line":114,"column":4},"end":{"line":130,"column":5}},"61":{"start":{"line":115,"column":22},"end":{"line":115,"column":35}},"62":{"start":{"line":116,"column":28},"end":{"line":116,"column":36}},"63":{"start":{"line":118,"column":24},"end":{"line":118,"column":53}},"64":{"start":{"line":119,"column":6},"end":{"line":119,"column":56}},"65":{"start":{"line":119,"column":22},"end":{"line":119,"column":56}},"66":{"start":{"line":121,"column":26},"end":{"line":121,"column":59}},"67":{"start":{"line":122,"column":6},"end":{"line":122,"column":60}},"68":{"start":{"line":122,"column":24},"end":{"line":122,"column":60}},"69":{"start":{"line":124,"column":6},"end":{"line":124,"column":38}},"70":{"start":{"line":125,"column":6},"end":{"line":125,"column":29}},"71":{"start":{"line":127,"column":6},"end":{"line":127,"column":66}},"72":{"start":{"line":129,"column":6},"end":{"line":129,"column":18}},"73":{"start":{"line":133,"column":4},"end":{"line":143,"column":5}},"74":{"start":{"line":134,"column":22},"end":{"line":134,"column":35}},"75":{"start":{"line":136,"column":19},"end":{"line":136,"column":48}},"76":{"start":{"line":137,"column":6},"end":{"line":137,"column":51}},"77":{"start":{"line":137,"column":17},"end":{"line":137,"column":51}},"78":{"start":{"line":138,"column":6},"end":{"line":138,"column":27}},"79":{"start":{"line":140,"column":6},"end":{"line":140,"column":66}},"80":{"start":{"line":142,"column":6},"end":{"line":142,"column":18}},"81":{"start":{"line":146,"column":4},"end":{"line":164,"column":5}},"82":{"start":{"line":147,"column":50},"end":{"line":147,"column":58}},"83":{"start":{"line":148,"column":19},"end":{"line":153,"column":8}},"84":{"start":{"line":155,"column":6},"end":{"line":161,"column":9}},"85":{"start":{"line":163,"column":6},"end":{"line":163,"column":18}},"86":{"start":{"line":167,"column":4},"end":{"line":183,"column":5}},"87":{"start":{"line":168,"column":24},"end":{"line":168,"column":37}},"88":{"start":{"line":169,"column":50},"end":{"line":169,"column":58}},"89":{"start":{"line":171,"column":19},"end":{"line":171,"column":52}},"90":{"start":{"line":172,"column":6},"end":{"line":172,"column":53}},"91":{"start":{"line":172,"column":17},"end":{"line":172,"column":53}},"92":{"start":{"line":174,"column":6},"end":{"line":174,"column":23}},"93":{"start":{"line":175,"column":6},"end":{"line":175,"column":37}},"94":{"start":{"line":176,"column":6},"end":{"line":176,"column":25}},"95":{"start":{"line":177,"column":6},"end":{"line":177,"column":25}},"96":{"start":{"line":178,"column":6},"end":{"line":178,"column":24}},"97":{"start":{"line":180,"column":6},"end":{"line":180,"column":68}},"98":{"start":{"line":182,"column":6},"end":{"line":182,"column":18}},"99":{"start":{"line":186,"column":4},"end":{"line":196,"column":5}},"100":{"start":{"line":187,"column":24},"end":{"line":187,"column":37}},"101":{"start":{"line":189,"column":19},"end":{"line":189,"column":52}},"102":{"start":{"line":190,"column":6},"end":{"line":190,"column":53}},"103":{"start":{"line":190,"column":17},"end":{"line":190,"column":53}},"104":{"start":{"line":191,"column":6},"end":{"line":191,"column":27}},"105":{"start":{"line":193,"column":6},"end":{"line":193,"column":68}},"106":{"start":{"line":195,"column":6},"end":{"line":195,"column":18}},"107":{"start":{"line":199,"column":4},"end":{"line":210,"column":5}},"108":{"start":{"line":200,"column":19},"end":{"line":206,"column":8}},"109":{"start":{"line":207,"column":6},"end":{"line":207,"column":33}},"110":{"start":{"line":209,"column":6},"end":{"line":209,"column":18}},"111":{"start":{"line":214,"column":0},"end":{"line":214,"column":28}}},"fnMap":{"0":{"name":"(anonymous_0)","decl":{"start":{"line":7,"column":2},"end":{"line":7,"column":3}},"loc":{"start":{"line":7,"column":36},"end":{"line":14,"column":3}},"line":7},"1":{"name":"(anonymous_1)","decl":{"start":{"line":15,"column":2},"end":{"line":15,"column":3}},"loc":{"start":{"line":15,"column":45},"end":{"line":31,"column":3}},"line":15},"2":{"name":"(anonymous_2)","decl":{"start":{"line":32,"column":2},"end":{"line":32,"column":3}},"loc":{"start":{"line":32,"column":40},"end":{"line":61,"column":3}},"line":32},"3":{"name":"(anonymous_3)","decl":{"start":{"line":62,"column":2},"end":{"line":62,"column":3}},"loc":{"start":{"line":62,"column":37},"end":{"line":81,"column":3}},"line":62},"4":{"name":"(anonymous_4)","decl":{"start":{"line":82,"column":2},"end":{"line":82,"column":3}},"loc":{"start":{"line":82,"column":40},"end":{"line":94,"column":3}},"line":82},"5":{"name":"(anonymous_5)","decl":{"start":{"line":95,"column":2},"end":{"line":95,"column":3}},"loc":{"start":{"line":95,"column":40},"end":{"line":112,"column":3}},"line":95},"6":{"name":"(anonymous_6)","decl":{"start":{"line":113,"column":2},"end":{"line":113,"column":3}},"loc":{"start":{"line":113,"column":41},"end":{"line":131,"column":3}},"line":113},"7":{"name":"(anonymous_7)","decl":{"start":{"line":132,"column":2},"end":{"line":132,"column":3}},"loc":{"start":{"line":132,"column":43},"end":{"line":144,"column":3}},"line":132},"8":{"name":"(anonymous_8)","decl":{"start":{"line":145,"column":2},"end":{"line":145,"column":3}},"loc":{"start":{"line":145,"column":42},"end":{"line":165,"column":3}},"line":145},"9":{"name":"(anonymous_9)","decl":{"start":{"line":166,"column":2},"end":{"line":166,"column":3}},"loc":{"start":{"line":166,"column":43},"end":{"line":184,"column":3}},"line":166},"10":{"name":"(anonymous_10)","decl":{"start":{"line":185,"column":2},"end":{"line":185,"column":3}},"loc":{"start":{"line":185,"column":45},"end":{"line":197,"column":3}},"line":185},"11":{"name":"(anonymous_11)","decl":{"start":{"line":198,"column":2},"end":{"line":198,"column":3}},"loc":{"start":{"line":198,"column":41},"end":{"line":211,"column":3}},"line":198}},"branchMap":{"0":{"loc":{"start":{"line":24,"column":6},"end":{"line":26,"column":7}},"type":"if","locations":[{"start":{"line":24,"column":6},"end":{"line":26,"column":7}},{"start":{},"end":{}}],"line":24},"1":{"loc":{"start":{"line":35,"column":6},"end":{"line":35,"column":54}},"type":"if","locations":[{"start":{"line":35,"column":6},"end":{"line":35,"column":54}},{"start":{},"end":{}}],"line":35},"2":{"loc":{"start":{"line":36,"column":6},"end":{"line":36,"column":60}},"type":"if","locations":[{"start":{"line":36,"column":6},"end":{"line":36,"column":60}},{"start":{},"end":{}}],"line":36},"3":{"loc":{"start":{"line":37,"column":6},"end":{"line":37,"column":54}},"type":"if","locations":[{"start":{"line":37,"column":6},"end":{"line":37,"column":54}},{"start":{},"end":{}}],"line":37},"4":{"loc":{"start":{"line":42,"column":6},"end":{"line":42,"column":58}},"type":"if","locations":[{"start":{"line":42,"column":6},"end":{"line":42,"column":58}},{"start":{},"end":{}}],"line":42},"5":{"loc":{"start":{"line":45,"column":6},"end":{"line":47,"column":7}},"type":"if","locations":[{"start":{"line":45,"column":6},"end":{"line":47,"column":7}},{"start":{},"end":{}}],"line":45},"6":{"loc":{"start":{"line":65,"column":6},"end":{"line":65,"column":54}},"type":"if","locations":[{"start":{"line":65,"column":6},"end":{"line":65,"column":54}},{"start":{},"end":{}}],"line":65},"7":{"loc":{"start":{"line":66,"column":6},"end":{"line":66,"column":60}},"type":"if","locations":[{"start":{"line":66,"column":6},"end":{"line":66,"column":60}},{"start":{},"end":{}}],"line":66},"8":{"loc":{"start":{"line":69,"column":6},"end":{"line":69,"column":58}},"type":"if","locations":[{"start":{"line":69,"column":6},"end":{"line":69,"column":58}},{"start":{},"end":{}}],"line":69},"9":{"loc":{"start":{"line":72,"column":6},"end":{"line":72,"column":67}},"type":"if","locations":[{"start":{"line":72,"column":6},"end":{"line":72,"column":67}},{"start":{},"end":{}}],"line":72},"10":{"loc":{"start":{"line":100,"column":6},"end":{"line":100,"column":60}},"type":"if","locations":[{"start":{"line":100,"column":6},"end":{"line":100,"column":60}},{"start":{},"end":{}}],"line":100},"11":{"loc":{"start":{"line":119,"column":6},"end":{"line":119,"column":56}},"type":"if","locations":[{"start":{"line":119,"column":6},"end":{"line":119,"column":56}},{"start":{},"end":{}}],"line":119},"12":{"loc":{"start":{"line":122,"column":6},"end":{"line":122,"column":60}},"type":"if","locations":[{"start":{"line":122,"column":6},"end":{"line":122,"column":60}},{"start":{},"end":{}}],"line":122},"13":{"loc":{"start":{"line":137,"column":6},"end":{"line":137,"column":51}},"type":"if","locations":[{"start":{"line":137,"column":6},"end":{"line":137,"column":51}},{"start":{},"end":{}}],"line":137},"14":{"loc":{"start":{"line":172,"column":6},"end":{"line":172,"column":53}},"type":"if","locations":[{"start":{"line":172,"column":6},"end":{"line":172,"column":53}},{"start":{},"end":{}}],"line":172},"15":{"loc":{"start":{"line":190,"column":6},"end":{"line":190,"column":53}},"type":"if","locations":[{"start":{"line":190,"column":6},"end":{"line":190,"column":53}},{"start":{},"end":{}}],"line":190}},"s":{"0":2,"1":2,"2":2,"3":2,"4":1,"5":1,"6":1,"7":0,"8":2,"9":2,"10":2,"11":1,"12":1,"13":1,"14":7,"15":7,"16":7,"17":1,"18":6,"19":1,"20":5,"21":1,"22":4,"23":4,"24":1,"25":3,"26":3,"27":0,"28":3,"29":1,"30":6,"31":6,"32":6,"33":6,"34":1,"35":5,"36":1,"37":4,"38":4,"39":2,"40":2,"41":2,"42":1,"43":1,"44":1,"45":1,"46":5,"47":0,"48":0,"49":0,"50":0,"51":0,"52":0,"53":0,"54":0,"55":0,"56":0,"57":0,"58":0,"59":0,"60":0,"61":0,"62":0,"63":0,"64":0,"65":0,"66":0,"67":0,"68":0,"69":0,"70":0,"71":0,"72":0,"73":0,"74":0,"75":0,"76":0,"77":0,"78":0,"79":0,"80":0,"81":0,"82":0,"83":0,"84":0,"85":0,"86":0,"87":0,"88":0,"89":0,"90":0,"91":0,"92":0,"93":0,"94":0,"95":0,"96":0,"97":0,"98":0,"99":0,"100":0,"101":0,"102":0,"103":0,"104":0,"105":0,"106":0,"107":0,"108":0,"109":0,"110":0,"111":2},"f":{"0":1,"1":2,"2":7,"3":6,"4":0,"5":0,"6":0,"7":0,"8":0,"9":0,"10":0,"11":0},"b":{"0":[1,1],"1":[1,6],"2":[1,5],"3":[1,4],"4":[1,3],"5":[0,3],"6":[1,5],"7":[1,4],"8":[2,2],"9":[1,1],"10":[0,0],"11":[0,0],"12":[0,0],"13":[0,0],"14":[0,0],"15":[0,0]},"_coverageSchema":"1a1c01bbd47fc00a2c39e90264f33305004495a9","hash":"12503bf4658d5e94ff89d02d130197cc4b92af8a"}
,"C:\\Users\\ronal\\Desktop\\hacktiv8\\z-hiring-project\\helpers\\bcrypt.js": {"path":"C:\\Users\\ronal\\Desktop\\hacktiv8\\z-hiring-project\\helpers\\bcrypt.js","statementMap":{"0":{"start":{"line":1,"column":15},"end":{"line":1,"column":32}},"1":{"start":{"line":4,"column":2},"end":{"line":4,"column":54}},"2":{"start":{"line":7,"column":2},"end":{"line":7,"column":46}},"3":{"start":{"line":10,"column":0},"end":{"line":10,"column":51}}},"fnMap":{"0":{"name":"hashPassword","decl":{"start":{"line":3,"column":9},"end":{"line":3,"column":21}},"loc":{"start":{"line":3,"column":28},"end":{"line":5,"column":1}},"line":3},"1":{"name":"comparePassword","decl":{"start":{"line":6,"column":9},"end":{"line":6,"column":24}},"loc":{"start":{"line":6,"column":43},"end":{"line":8,"column":1}},"line":6}},"branchMap":{},"s":{"0":2,"1":0,"2":2,"3":2},"f":{"0":0,"1":2},"b":{},"_coverageSchema":"1a1c01bbd47fc00a2c39e90264f33305004495a9","hash":"8dd1363635b6ef5a696862d65a7e4b4fa185bfaa"}
,"C:\\Users\\ronal\\Desktop\\hacktiv8\\z-hiring-project\\helpers\\jwt.js": {"path":"C:\\Users\\ronal\\Desktop\\hacktiv8\\z-hiring-project\\helpers\\jwt.js","statementMap":{"0":{"start":{"line":1,"column":12},"end":{"line":1,"column":35}},"1":{"start":{"line":2,"column":15},"end":{"line":2,"column":37}},"2":{"start":{"line":5,"column":2},"end":{"line":5,"column":35}},"3":{"start":{"line":8,"column":2},"end":{"line":8,"column":35}},"4":{"start":{"line":10,"column":0},"end":{"line":10,"column":44}}},"fnMap":{"0":{"name":"signToken","decl":{"start":{"line":4,"column":9},"end":{"line":4,"column":18}},"loc":{"start":{"line":4,"column":28},"end":{"line":6,"column":1}},"line":4},"1":{"name":"verifyToken","decl":{"start":{"line":7,"column":9},"end":{"line":7,"column":20}},"loc":{"start":{"line":7,"column":28},"end":{"line":9,"column":1}},"line":7}},"branchMap":{},"s":{"0":2,"1":2,"2":2,"3":0,"4":2},"f":{"0":2,"1":0},"b":{},"_coverageSchema":"1a1c01bbd47fc00a2c39e90264f33305004495a9","hash":"3314615143a67f235697fcb7af405779c504a76a"}
,"C:\\Users\\ronal\\Desktop\\hacktiv8\\z-hiring-project\\middlewares\\authentication.js": {"path":"C:\\Users\\ronal\\Desktop\\hacktiv8\\z-hiring-project\\middlewares\\authentication.js","statementMap":{"0":{"start":{"line":1,"column":24},"end":{"line":1,"column":49}},"1":{"start":{"line":2,"column":17},"end":{"line":2,"column":37}},"2":{"start":{"line":5,"column":2},"end":{"line":22,"column":3}},"3":{"start":{"line":6,"column":30},"end":{"line":6,"column":41}},"4":{"start":{"line":7,"column":4},"end":{"line":7,"column":56}},"5":{"start":{"line":7,"column":24},"end":{"line":7,"column":56}},"6":{"start":{"line":9,"column":33},"end":{"line":9,"column":57}},"7":{"start":{"line":10,"column":4},"end":{"line":10,"column":59}},"8":{"start":{"line":10,"column":27},"end":{"line":10,"column":59}},"9":{"start":{"line":12,"column":19},"end":{"line":12,"column":44}},"10":{"start":{"line":13,"column":4},"end":{"line":13,"column":49}},"11":{"start":{"line":13,"column":17},"end":{"line":13,"column":49}},"12":{"start":{"line":15,"column":17},"end":{"line":15,"column":47}},"13":{"start":{"line":16,"column":4},"end":{"line":16,"column":47}},"14":{"start":{"line":16,"column":15},"end":{"line":16,"column":47}},"15":{"start":{"line":18,"column":4},"end":{"line":18,"column":20}},"16":{"start":{"line":19,"column":4},"end":{"line":19,"column":11}},"17":{"start":{"line":21,"column":4},"end":{"line":21,"column":16}},"18":{"start":{"line":25,"column":0},"end":{"line":25,"column":32}}},"fnMap":{"0":{"name":"authentication","decl":{"start":{"line":4,"column":15},"end":{"line":4,"column":29}},"loc":{"start":{"line":4,"column":46},"end":{"line":23,"column":1}},"line":4}},"branchMap":{"0":{"loc":{"start":{"line":7,"column":4},"end":{"line":7,"column":56}},"type":"if","locations":[{"start":{"line":7,"column":4},"end":{"line":7,"column":56}},{"start":{},"end":{}}],"line":7},"1":{"loc":{"start":{"line":10,"column":4},"end":{"line":10,"column":59}},"type":"if","locations":[{"start":{"line":10,"column":4},"end":{"line":10,"column":59}},{"start":{},"end":{}}],"line":10},"2":{"loc":{"start":{"line":13,"column":4},"end":{"line":13,"column":49}},"type":"if","locations":[{"start":{"line":13,"column":4},"end":{"line":13,"column":49}},{"start":{},"end":{}}],"line":13},"3":{"loc":{"start":{"line":16,"column":4},"end":{"line":16,"column":47}},"type":"if","locations":[{"start":{"line":16,"column":4},"end":{"line":16,"column":47}},{"start":{},"end":{}}],"line":16}},"s":{"0":2,"1":2,"2":0,"3":0,"4":0,"5":0,"6":0,"7":0,"8":0,"9":0,"10":0,"11":0,"12":0,"13":0,"14":0,"15":0,"16":0,"17":0,"18":2},"f":{"0":0},"b":{"0":[0,0],"1":[0,0],"2":[0,0],"3":[0,0]},"_coverageSchema":"1a1c01bbd47fc00a2c39e90264f33305004495a9","hash":"22505bdd267133ed7251081cbea760fe5e17d744"}
,"C:\\Users\\ronal\\Desktop\\hacktiv8\\z-hiring-project\\middlewares\\authorization.js": {"path":"C:\\Users\\ronal\\Desktop\\hacktiv8\\z-hiring-project\\middlewares\\authorization.js","statementMap":{"0":{"start":{"line":2,"column":2},"end":{"line":9,"column":3}},"1":{"start":{"line":3,"column":4},"end":{"line":5,"column":5}},"2":{"start":{"line":4,"column":6},"end":{"line":4,"column":46}},"3":{"start":{"line":6,"column":4},"end":{"line":6,"column":11}},"4":{"start":{"line":8,"column":4},"end":{"line":8,"column":16}},"5":{"start":{"line":12,"column":0},"end":{"line":12,"column":31}}},"fnMap":{"0":{"name":"authorization","decl":{"start":{"line":1,"column":15},"end":{"line":1,"column":28}},"loc":{"start":{"line":1,"column":45},"end":{"line":10,"column":1}},"line":1}},"branchMap":{"0":{"loc":{"start":{"line":3,"column":4},"end":{"line":5,"column":5}},"type":"if","locations":[{"start":{"line":3,"column":4},"end":{"line":5,"column":5}},{"start":{},"end":{}}],"line":3}},"s":{"0":0,"1":0,"2":0,"3":0,"4":0,"5":2},"f":{"0":0},"b":{"0":[0,0]},"_coverageSchema":"1a1c01bbd47fc00a2c39e90264f33305004495a9","hash":"436ccd452a9c7a6e489a930a711596456ef4f14d"}
,"C:\\Users\\ronal\\Desktop\\hacktiv8\\z-hiring-project\\middlewares\\errorHandler.js": {"path":"C:\\Users\\ronal\\Desktop\\hacktiv8\\z-hiring-project\\middlewares\\errorHandler.js","statementMap":{"0":{"start":{"line":2,"column":2},"end":{"line":42,"column":3}},"1":{"start":{"line":5,"column":21},"end":{"line":5,"column":44}},"2":{"start":{"line":6,"column":6},"end":{"line":6,"column":48}},"3":{"start":{"line":7,"column":6},"end":{"line":7,"column":12}},"4":{"start":{"line":10,"column":6},"end":{"line":10,"column":57}},"5":{"start":{"line":11,"column":6},"end":{"line":11,"column":12}},"6":{"start":{"line":13,"column":6},"end":{"line":13,"column":61}},"7":{"start":{"line":14,"column":6},"end":{"line":14,"column":12}},"8":{"start":{"line":16,"column":6},"end":{"line":16,"column":64}},"9":{"start":{"line":17,"column":6},"end":{"line":17,"column":12}},"10":{"start":{"line":19,"column":6},"end":{"line":19,"column":61}},"11":{"start":{"line":20,"column":6},"end":{"line":20,"column":12}},"12":{"start":{"line":22,"column":6},"end":{"line":22,"column":66}},"13":{"start":{"line":23,"column":6},"end":{"line":23,"column":12}},"14":{"start":{"line":25,"column":6},"end":{"line":25,"column":63}},"15":{"start":{"line":26,"column":6},"end":{"line":26,"column":12}},"16":{"start":{"line":28,"column":6},"end":{"line":28,"column":65}},"17":{"start":{"line":29,"column":6},"end":{"line":29,"column":12}},"18":{"start":{"line":31,"column":6},"end":{"line":31,"column":56}},"19":{"start":{"line":32,"column":6},"end":{"line":32,"column":12}},"20":{"start":{"line":34,"column":6},"end":{"line":34,"column":59}},"21":{"start":{"line":35,"column":6},"end":{"line":35,"column":12}},"22":{"start":{"line":37,"column":6},"end":{"line":37,"column":61}},"23":{"start":{"line":38,"column":6},"end":{"line":38,"column":12}},"24":{"start":{"line":40,"column":6},"end":{"line":40,"column":65}},"25":{"start":{"line":41,"column":6},"end":{"line":41,"column":12}},"26":{"start":{"line":45,"column":0},"end":{"line":45,"column":28}}},"fnMap":{"0":{"name":"errHandler","decl":{"start":{"line":1,"column":15},"end":{"line":1,"column":25}},"loc":{"start":{"line":1,"column":49},"end":{"line":43,"column":1}},"line":1}},"branchMap":{"0":{"loc":{"start":{"line":2,"column":2},"end":{"line":42,"column":3}},"type":"switch","locations":[{"start":{"line":3,"column":4},"end":{"line":3,"column":36}},{"start":{"line":4,"column":4},"end":{"line":7,"column":12}},{"start":{"line":8,"column":4},"end":{"line":8,"column":29}},{"start":{"line":9,"column":4},"end":{"line":11,"column":12}},{"start":{"line":12,"column":4},"end":{"line":14,"column":12}},{"start":{"line":15,"column":4},"end":{"line":17,"column":12}},{"start":{"line":18,"column":4},"end":{"line":20,"column":12}},{"start":{"line":21,"column":4},"end":{"line":23,"column":12}},{"start":{"line":24,"column":4},"end":{"line":26,"column":12}},{"start":{"line":27,"column":4},"end":{"line":29,"column":12}},{"start":{"line":30,"column":4},"end":{"line":32,"column":12}},{"start":{"line":33,"column":4},"end":{"line":35,"column":12}},{"start":{"line":36,"column":4},"end":{"line":38,"column":12}},{"start":{"line":39,"column":4},"end":{"line":41,"column":12}}],"line":2}},"s":{"0":12,"1":2,"2":2,"3":2,"4":0,"5":0,"6":2,"7":2,"8":2,"9":2,"10":1,"11":1,"12":3,"13":3,"14":1,"15":1,"16":0,"17":0,"18":0,"19":0,"20":0,"21":0,"22":1,"23":1,"24":0,"25":0,"26":2},"f":{"0":12},"b":{"0":[2,2,0,0,2,2,1,3,1,0,0,0,1,0]},"_coverageSchema":"1a1c01bbd47fc00a2c39e90264f33305004495a9","hash":"cc1dcedaaa0a36ed9a46ecb151ed50c468cb1eea"}
,"C:\\Users\\ronal\\Desktop\\hacktiv8\\z-hiring-project\\models\\index.js": {"path":"C:\\Users\\ronal\\Desktop\\hacktiv8\\z-hiring-project\\models\\index.js","statementMap":{"0":{"start":{"line":3,"column":11},"end":{"line":3,"column":24}},"1":{"start":{"line":4,"column":13},"end":{"line":4,"column":28}},"2":{"start":{"line":5,"column":18},"end":{"line":5,"column":38}},"3":{"start":{"line":6,"column":16},"end":{"line":6,"column":34}},"4":{"start":{"line":7,"column":17},"end":{"line":7,"column":42}},"5":{"start":{"line":8,"column":12},"end":{"line":8,"column":49}},"6":{"start":{"line":9,"column":15},"end":{"line":9,"column":63}},"7":{"start":{"line":10,"column":11},"end":{"line":10,"column":13}},"8":{"start":{"line":13,"column":0},"end":{"line":22,"column":1}},"9":{"start":{"line":14,"column":2},"end":{"line":14,"column":74}},"10":{"start":{"line":16,"column":2},"end":{"line":21,"column":4}},"11":{"start":{"line":24,"column":0},"end":{"line":39,"column":5}},"12":{"start":{"line":26,"column":4},"end":{"line":31,"column":6}},"13":{"start":{"line":34,"column":18},"end":{"line":37,"column":5}},"14":{"start":{"line":38,"column":4},"end":{"line":38,"column":27}},"15":{"start":{"line":41,"column":0},"end":{"line":45,"column":3}},"16":{"start":{"line":42,"column":2},"end":{"line":44,"column":3}},"17":{"start":{"line":43,"column":4},"end":{"line":43,"column":32}},"18":{"start":{"line":47,"column":0},"end":{"line":47,"column":25}},"19":{"start":{"line":48,"column":0},"end":{"line":48,"column":25}},"20":{"start":{"line":50,"column":0},"end":{"line":50,"column":20}}},"fnMap":{"0":{"name":"(anonymous_0)","decl":{"start":{"line":25,"column":10},"end":{"line":25,"column":11}},"loc":{"start":{"line":25,"column":20},"end":{"line":32,"column":3}},"line":25},"1":{"name":"(anonymous_1)","decl":{"start":{"line":33,"column":11},"end":{"line":33,"column":12}},"loc":{"start":{"line":33,"column":21},"end":{"line":39,"column":3}},"line":33},"2":{"name":"(anonymous_2)","decl":{"start":{"line":41,"column":24},"end":{"line":41,"column":25}},"loc":{"start":{"line":41,"column":39},"end":{"line":45,"column":1}},"line":41}},"branchMap":{"0":{"loc":{"start":{"line":8,"column":12},"end":{"line":8,"column":49}},"type":"binary-expr","locations":[{"start":{"line":8,"column":12},"end":{"line":8,"column":32}},{"start":{"line":8,"column":36},"end":{"line":8,"column":49}}],"line":8},"1":{"loc":{"start":{"line":13,"column":0},"end":{"line":22,"column":1}},"type":"if","locations":[{"start":{"line":13,"column":0},"end":{"line":22,"column":1}},{"start":{"line":15,"column":7},"end":{"line":22,"column":1}}],"line":13},"2":{"loc":{"start":{"line":27,"column":6},"end":{"line":30,"column":37}},"type":"binary-expr","locations":[{"start":{"line":27,"column":6},"end":{"line":27,"column":29}},{"start":{"line":28,"column":6},"end":{"line":28,"column":23}},{"start":{"line":29,"column":6},"end":{"line":29,"column":30}},{"start":{"line":30,"column":6},"end":{"line":30,"column":37}}],"line":27},"3":{"loc":{"start":{"line":42,"column":2},"end":{"line":44,"column":3}},"type":"if","locations":[{"start":{"line":42,"column":2},"end":{"line":44,"column":3}},{"start":{},"end":{}}],"line":42}},"s":{"0":2,"1":2,"2":2,"3":2,"4":2,"5":2,"6":2,"7":2,"8":2,"9":0,"10":2,"11":2,"12":8,"13":6,"14":6,"15":2,"16":6,"17":6,"18":2,"19":2,"20":2},"f":{"0":8,"1":6,"2":6},"b":{"0":[2,0],"1":[0,2],"2":[8,8,6,6],"3":[6,0]},"_coverageSchema":"1a1c01bbd47fc00a2c39e90264f33305004495a9","hash":"5dc746b67491a0332fa36e3db32bd7a707bd0754"}
,"C:\\Users\\ronal\\Desktop\\hacktiv8\\z-hiring-project\\models\\order.js": {"path":"C:\\Users\\ronal\\Desktop\\hacktiv8\\z-hiring-project\\models\\order.js","statementMap":{"0":{"start":{"line":2,"column":18},"end":{"line":2,"column":38}},"1":{"start":{"line":3,"column":0},"end":{"line":37,"column":2}},"2":{"start":{"line":6,"column":6},"end":{"line":8,"column":9}},"3":{"start":{"line":9,"column":6},"end":{"line":11,"column":9}},"4":{"start":{"line":14,"column":2},"end":{"line":35,"column":4}},"5":{"start":{"line":36,"column":2},"end":{"line":36,"column":15}}},"fnMap":{"0":{"name":"(anonymous_0)","decl":{"start":{"line":3,"column":17},"end":{"line":3,"column":18}},"loc":{"start":{"line":3,"column":43},"end":{"line":37,"column":1}},"line":3},"1":{"name":"(anonymous_1)","decl":{"start":{"line":5,"column":4},"end":{"line":5,"column":5}},"loc":{"start":{"line":5,"column":29},"end":{"line":12,"column":5}},"line":5}},"branchMap":{},"s":{"0":2,"1":2,"2":2,"3":2,"4":2,"5":2},"f":{"0":2,"1":2},"b":{},"_coverageSchema":"1a1c01bbd47fc00a2c39e90264f33305004495a9","hash":"c977f17368f01078f02d1b268856c2a1101041bc"}
,"C:\\Users\\ronal\\Desktop\\hacktiv8\\z-hiring-project\\models\\product.js": {"path":"C:\\Users\\ronal\\Desktop\\hacktiv8\\z-hiring-project\\models\\product.js","statementMap":{"0":{"start":{"line":2,"column":18},"end":{"line":2,"column":38}},"1":{"start":{"line":3,"column":0},"end":{"line":53,"column":2}},"2":{"start":{"line":6,"column":6},"end":{"line":8,"column":9}},"3":{"start":{"line":11,"column":2},"end":{"line":51,"column":4}},"4":{"start":{"line":52,"column":2},"end":{"line":52,"column":17}}},"fnMap":{"0":{"name":"(anonymous_0)","decl":{"start":{"line":3,"column":17},"end":{"line":3,"column":18}},"loc":{"start":{"line":3,"column":43},"end":{"line":53,"column":1}},"line":3},"1":{"name":"(anonymous_1)","decl":{"start":{"line":5,"column":4},"end":{"line":5,"column":5}},"loc":{"start":{"line":5,"column":29},"end":{"line":9,"column":5}},"line":5}},"branchMap":{},"s":{"0":2,"1":2,"2":2,"3":2,"4":2},"f":{"0":2,"1":2},"b":{},"_coverageSchema":"1a1c01bbd47fc00a2c39e90264f33305004495a9","hash":"ac783b95f92a85557b7410cb57669cb99c9ee6cf"}
,"C:\\Users\\ronal\\Desktop\\hacktiv8\\z-hiring-project\\models\\user.js": {"path":"C:\\Users\\ronal\\Desktop\\hacktiv8\\z-hiring-project\\models\\user.js","statementMap":{"0":{"start":{"line":2,"column":18},"end":{"line":2,"column":38}},"1":{"start":{"line":3,"column":15},"end":{"line":3,"column":34}},"2":{"start":{"line":5,"column":0},"end":{"line":73,"column":2}},"3":{"start":{"line":8,"column":6},"end":{"line":10,"column":9}},"4":{"start":{"line":13,"column":2},"end":{"line":71,"column":4}},"5":{"start":{"line":63,"column":21},"end":{"line":63,"column":42}},"6":{"start":{"line":64,"column":21},"end":{"line":64,"column":61}},"7":{"start":{"line":65,"column":10},"end":{"line":65,"column":35}},"8":{"start":{"line":72,"column":2},"end":{"line":72,"column":14}}},"fnMap":{"0":{"name":"(anonymous_0)","decl":{"start":{"line":5,"column":17},"end":{"line":5,"column":18}},"loc":{"start":{"line":5,"column":43},"end":{"line":73,"column":1}},"line":5},"1":{"name":"(anonymous_1)","decl":{"start":{"line":7,"column":4},"end":{"line":7,"column":5}},"loc":{"start":{"line":7,"column":29},"end":{"line":11,"column":5}},"line":7},"2":{"name":"(anonymous_2)","decl":{"start":{"line":62,"column":8},"end":{"line":62,"column":9}},"loc":{"start":{"line":62,"column":40},"end":{"line":66,"column":9}},"line":62}},"branchMap":{},"s":{"0":2,"1":2,"2":2,"3":2,"4":2,"5":2,"6":2,"7":2,"8":2},"f":{"0":2,"1":2,"2":2},"b":{},"_coverageSchema":"1a1c01bbd47fc00a2c39e90264f33305004495a9","hash":"91c66b9445caf1f49859f5359fdc3ec7a9d23aa1"}
}
