TN:
SF:index.js
FNF:0
FNH:0
DA:1,3
DA:2,3
DA:3,3
DA:4,3
DA:6,3
DA:7,3
DA:8,3
DA:9,3
DA:11,3
DA:12,3
DA:15,3
DA:16,3
DA:17,3
DA:18,3
DA:21,3
DA:23,3
DA:24,3
DA:25,3
DA:26,3
DA:29,3
DA:30,3
DA:31,3
DA:32,3
DA:34,3
DA:37,3
LF:25
LH:25
BRF:0
BRH:0
end_of_record
TN:
SF:config\config.js
FNF:0
FNH:0
DA:1,3
DA:3,3
LF:2
LH:2
BRF:0
BRH:0
end_of_record
TN:
SF:controllers\controller.js
FN:7,(anonymous_0)
FN:11,(anonymous_1)
FN:28,(anonymous_2)
FN:58,(anonymous_3)
FN:78,(anonymous_4)
FN:91,(anonymous_5)
FN:109,(anonymous_6)
FN:128,(anonymous_7)
FN:141,(anonymous_8)
FN:162,(anonymous_9)
FN:181,(anonymous_10)
FN:194,(anonymous_11)
FNF:12
FNH:12
FNDA:1,(anonymous_0)
FNDA:2,(anonymous_1)
FNDA:8,(anonymous_2)
FNDA:6,(anonymous_3)
FNDA:1,(anonymous_4)
FNDA:3,(anonymous_5)
FNDA:3,(anonymous_6)
FNDA:2,(anonymous_7)
FNDA:3,(anonymous_8)
FNDA:3,(anonymous_9)
FNDA:1,(anonymous_10)
FNDA:1,(anonymous_11)
DA:1,3
DA:2,3
DA:3,3
DA:4,3
DA:8,1
DA:9,1
DA:12,2
DA:13,2
DA:20,2
DA:21,1
DA:23,1
DA:25,1
DA:29,8
DA:30,8
DA:31,8
DA:32,7
DA:33,6
DA:35,5
DA:38,5
DA:40,4
DA:41,4
DA:42,1
DA:44,4
DA:49,2
DA:55,6
DA:59,6
DA:60,6
DA:61,6
DA:62,5
DA:64,4
DA:65,4
DA:67,3
DA:68,3
DA:70,2
DA:71,2
DA:73,2
DA:75,4
DA:79,1
DA:80,1
DA:86,1
DA:88,0
DA:92,3
DA:93,3
DA:95,3
DA:96,3
DA:98,1
DA:99,1
DA:104,1
DA:106,2
DA:110,3
DA:111,3
DA:112,3
DA:114,3
DA:115,3
DA:117,2
DA:118,2
DA:120,1
DA:121,1
DA:123,1
DA:125,2
DA:129,2
DA:130,2
DA:132,2
DA:133,2
DA:134,1
DA:136,1
DA:138,1
DA:142,3
DA:143,3
DA:144,3
DA:151,1
DA:159,2
DA:163,3
DA:164,3
DA:165,3
DA:167,3
DA:168,3
DA:170,2
DA:171,2
DA:172,2
DA:173,2
DA:174,2
DA:176,1
DA:178,2
DA:182,1
DA:183,1
DA:185,1
DA:186,1
DA:187,1
DA:189,1
DA:191,0
DA:195,1
DA:196,1
DA:203,1
DA:205,0
DA:210,3
LF:96
LH:93
BRDA:20,0,0,1
BRDA:20,0,1,1
BRDA:31,1,0,1
BRDA:31,1,1,7
BRDA:32,2,0,1
BRDA:32,2,1,6
BRDA:33,3,0,1
BRDA:33,3,1,5
BRDA:38,4,0,1
BRDA:38,4,1,4
BRDA:41,5,0,1
BRDA:41,5,1,3
BRDA:61,6,0,1
BRDA:61,6,1,5
BRDA:62,7,0,1
BRDA:62,7,1,4
BRDA:65,8,0,1
BRDA:65,8,1,3
BRDA:68,9,0,1
BRDA:68,9,1,2
BRDA:96,10,0,2
BRDA:96,10,1,1
BRDA:115,11,0,1
BRDA:115,11,1,2
BRDA:118,12,0,1
BRDA:118,12,1,1
BRDA:133,13,0,1
BRDA:133,13,1,1
BRDA:168,14,0,1
BRDA:168,14,1,2
BRDA:186,15,0,0
BRDA:186,15,1,1
BRF:32
BRH:31
end_of_record
TN:
SF:helpers\bcrypt.js
FN:3,hashPassword
FN:6,comparePassword
FNF:2
FNH:1
FNDA:0,hashPassword
FNDA:3,comparePassword
DA:1,3
DA:4,0
DA:7,3
DA:10,3
LF:4
LH:3
BRF:0
BRH:0
end_of_record
TN:
SF:helpers\jwt.js
FN:4,signToken
FN:7,verifyToken
FNF:2
FNH:2
FNDA:5,signToken
FNDA:27,verifyToken
DA:1,3
DA:2,3
DA:5,5
DA:8,27
DA:10,3
LF:5
LH:5
BRF:0
BRH:0
end_of_record
TN:
SF:middlewares\authentication.js
FN:4,authentication
FNF:1
FNH:1
FNDA:29,authentication
DA:1,3
DA:2,3
DA:5,29
DA:6,29
DA:7,29
DA:9,28
DA:10,28
DA:12,27
DA:13,21
DA:15,21
DA:16,21
DA:18,21
DA:19,21
DA:21,8
DA:25,3
LF:15
LH:15
BRDA:7,0,0,1
BRDA:7,0,1,28
BRDA:10,1,0,1
BRDA:10,1,1,27
BRDA:13,2,0,0
BRDA:13,2,1,21
BRDA:16,3,0,0
BRDA:16,3,1,21
BRF:8
BRH:6
end_of_record
TN:
SF:middlewares\authorization.js
FN:1,authorization
FNF:1
FNH:1
FNDA:12,authorization
DA:2,12
DA:3,12
DA:4,4
DA:6,8
DA:8,4
DA:12,3
LF:6
LH:6
BRDA:3,0,0,4
BRDA:3,0,1,8
BRF:2
BRH:2
end_of_record
TN:
SF:middlewares\errorHandler.js
FN:1,errHandler
FNF:1
FNH:1
FNDA:32,errHandler
DA:2,32
DA:5,5
DA:6,5
DA:7,5
DA:10,8
DA:11,8
DA:13,2
DA:14,2
DA:16,2
DA:17,2
DA:19,1
DA:20,1
DA:22,2
DA:23,2
DA:25,1
DA:26,1
DA:28,4
DA:29,4
DA:31,2
DA:32,2
DA:34,5
DA:35,5
DA:37,0
DA:38,0
DA:42,3
LF:25
LH:23
BRDA:2,0,0,4
BRDA:2,0,1,5
BRDA:2,0,2,6
BRDA:2,0,3,8
BRDA:2,0,4,2
BRDA:2,0,5,2
BRDA:2,0,6,1
BRDA:2,0,7,2
BRDA:2,0,8,1
BRDA:2,0,9,4
BRDA:2,0,10,2
BRDA:2,0,11,5
BRDA:2,0,12,0
BRF:13
BRH:12
end_of_record
TN:
SF:models\index.js
FN:25,(anonymous_0)
FN:33,(anonymous_1)
FN:41,(anonymous_2)
FNF:3
FNH:3
FNDA:12,(anonymous_0)
FNDA:9,(anonymous_1)
FNDA:9,(anonymous_2)
DA:3,3
DA:4,3
DA:5,3
DA:6,3
DA:7,3
DA:8,3
DA:9,3
DA:10,3
DA:13,3
DA:14,0
DA:16,3
DA:24,3
DA:26,12
DA:34,9
DA:38,9
DA:41,3
DA:42,9
DA:43,9
DA:47,3
DA:48,3
DA:50,3
LF:21
LH:20
BRDA:8,0,0,3
BRDA:8,0,1,0
BRDA:13,1,0,0
BRDA:13,1,1,3
BRDA:27,2,0,12
BRDA:27,2,1,12
BRDA:27,2,2,9
BRDA:27,2,3,9
BRDA:42,3,0,9
BRDA:42,3,1,0
BRF:10
BRH:7
end_of_record
TN:
SF:models\order.js
FN:3,(anonymous_0)
FN:5,(anonymous_1)
FNF:2
FNH:2
FNDA:3,(anonymous_0)
FNDA:3,(anonymous_1)
DA:2,3
DA:3,3
DA:6,3
DA:9,3
DA:14,3
DA:36,3
LF:6
LH:6
BRF:0
BRH:0
end_of_record
TN:
SF:models\product.js
FN:3,(anonymous_0)
FN:5,(anonymous_1)
FNF:2
FNH:2
FNDA:3,(anonymous_0)
FNDA:3,(anonymous_1)
DA:2,3
DA:3,3
DA:6,3
DA:11,3
DA:52,3
LF:5
LH:5
BRF:0
BRH:0
end_of_record
TN:
SF:models\user.js
FN:5,(anonymous_0)
FN:7,(anonymous_1)
FN:62,(anonymous_2)
FNF:3
FNH:3
FNDA:3,(anonymous_0)
FNDA:3,(anonymous_1)
FNDA:5,(anonymous_2)
DA:2,3
DA:3,3
DA:5,3
DA:8,3
DA:13,3
DA:63,5
DA:64,5
DA:65,5
DA:72,3
LF:9
LH:9
BRF:0
BRH:0
end_of_record
