TN:
SF:index.js
FNF:0
FNH:0
DA:1,2
DA:2,2
DA:3,2
DA:4,2
DA:6,2
DA:7,2
DA:8,2
DA:9,2
DA:11,2
DA:12,2
DA:15,2
DA:16,2
DA:17,2
DA:18,2
DA:21,2
DA:23,2
DA:24,2
DA:25,2
DA:26,2
DA:29,2
DA:30,2
DA:31,2
DA:32,2
DA:34,2
DA:37,2
LF:25
LH:25
BRF:0
BRH:0
end_of_record
TN:
SF:config\config.js
FNF:0
FNH:0
DA:1,2
DA:3,2
LF:2
LH:2
BRF:0
BRH:0
end_of_record
TN:
SF:controllers\controller.js
FN:7,(anonymous_0)
FN:15,(anonymous_1)
FN:32,(anonymous_2)
FN:62,(anonymous_3)
FN:82,(anonymous_4)
FN:95,(anonymous_5)
FN:113,(anonymous_6)
FN:132,(anonymous_7)
FN:145,(anonymous_8)
FN:166,(anonymous_9)
FN:185,(anonymous_10)
FN:198,(anonymous_11)
FNF:12
FNH:4
FNDA:1,(anonymous_0)
FNDA:2,(anonymous_1)
FNDA:7,(anonymous_2)
FNDA:6,(anonymous_3)
FNDA:0,(anonymous_4)
FNDA:0,(anonymous_5)
FNDA:0,(anonymous_6)
FNDA:0,(anonymous_7)
FNDA:0,(anonymous_8)
FNDA:0,(anonymous_9)
FNDA:0,(anonymous_10)
FNDA:0,(anonymous_11)
DA:1,2
DA:2,2
DA:3,2
DA:4,2
DA:8,1
DA:9,1
DA:10,1
DA:12,0
DA:16,2
DA:17,2
DA:24,2
DA:25,1
DA:27,1
DA:29,1
DA:33,7
DA:34,7
DA:35,7
DA:36,6
DA:37,5
DA:39,4
DA:42,4
DA:44,3
DA:45,3
DA:46,0
DA:48,3
DA:53,1
DA:59,6
DA:63,6
DA:64,6
DA:65,6
DA:66,5
DA:68,4
DA:69,4
DA:71,2
DA:72,2
DA:74,1
DA:75,1
DA:77,1
DA:79,5
DA:83,0
DA:84,0
DA:90,0
DA:92,0
DA:96,0
DA:97,0
DA:99,0
DA:100,0
DA:102,0
DA:103,0
DA:108,0
DA:110,0
DA:114,0
DA:115,0
DA:116,0
DA:118,0
DA:119,0
DA:121,0
DA:122,0
DA:124,0
DA:125,0
DA:127,0
DA:129,0
DA:133,0
DA:134,0
DA:136,0
DA:137,0
DA:138,0
DA:140,0
DA:142,0
DA:146,0
DA:147,0
DA:148,0
DA:155,0
DA:163,0
DA:167,0
DA:168,0
DA:169,0
DA:171,0
DA:172,0
DA:174,0
DA:175,0
DA:176,0
DA:177,0
DA:178,0
DA:180,0
DA:182,0
DA:186,0
DA:187,0
DA:189,0
DA:190,0
DA:191,0
DA:193,0
DA:195,0
DA:199,0
DA:200,0
DA:207,0
DA:209,0
DA:214,2
LF:98
LH:38
BRDA:24,0,0,1
BRDA:24,0,1,1
BRDA:35,1,0,1
BRDA:35,1,1,6
BRDA:36,2,0,1
BRDA:36,2,1,5
BRDA:37,3,0,1
BRDA:37,3,1,4
BRDA:42,4,0,1
BRDA:42,4,1,3
BRDA:45,5,0,0
BRDA:45,5,1,3
BRDA:65,6,0,1
BRDA:65,6,1,5
BRDA:66,7,0,1
BRDA:66,7,1,4
BRDA:69,8,0,2
BRDA:69,8,1,2
BRDA:72,9,0,1
BRDA:72,9,1,1
BRDA:100,10,0,0
BRDA:100,10,1,0
BRDA:119,11,0,0
BRDA:119,11,1,0
BRDA:122,12,0,0
BRDA:122,12,1,0
BRDA:137,13,0,0
BRDA:137,13,1,0
BRDA:172,14,0,0
BRDA:172,14,1,0
BRDA:190,15,0,0
BRDA:190,15,1,0
BRF:32
BRH:19
end_of_record
TN:
SF:helpers\bcrypt.js
FN:3,hashPassword
FN:6,comparePassword
FNF:2
FNH:1
FNDA:0,hashPassword
FNDA:2,comparePassword
DA:1,2
DA:4,0
DA:7,2
DA:10,2
LF:4
LH:3
BRF:0
BRH:0
end_of_record
TN:
SF:helpers\jwt.js
FN:4,signToken
FN:7,verifyToken
FNF:2
FNH:1
FNDA:2,signToken
FNDA:0,verifyToken
DA:1,2
DA:2,2
DA:5,2
DA:8,0
DA:10,2
LF:5
LH:4
BRF:0
BRH:0
end_of_record
TN:
SF:middlewares\authentication.js
FN:4,authentication
FNF:1
FNH:0
FNDA:0,authentication
DA:1,2
DA:2,2
DA:5,0
DA:6,0
DA:7,0
DA:9,0
DA:10,0
DA:12,0
DA:13,0
DA:15,0
DA:16,0
DA:18,0
DA:19,0
DA:21,0
DA:25,2
LF:15
LH:3
BRDA:7,0,0,0
BRDA:7,0,1,0
BRDA:10,1,0,0
BRDA:10,1,1,0
BRDA:13,2,0,0
BRDA:13,2,1,0
BRDA:16,3,0,0
BRDA:16,3,1,0
BRF:8
BRH:0
end_of_record
TN:
SF:middlewares\authorization.js
FN:1,authorization
FNF:1
FNH:0
FNDA:0,authorization
DA:2,0
DA:3,0
DA:4,0
DA:6,0
DA:8,0
DA:12,2
LF:6
LH:1
BRDA:3,0,0,0
BRDA:3,0,1,0
BRF:2
BRH:0
end_of_record
TN:
SF:middlewares\errorHandler.js
FN:1,errHandler
FNF:1
FNH:1
FNDA:12,errHandler
DA:2,12
DA:5,2
DA:6,2
DA:7,2
DA:10,0
DA:11,0
DA:13,2
DA:14,2
DA:16,2
DA:17,2
DA:19,1
DA:20,1
DA:22,3
DA:23,3
DA:25,1
DA:26,1
DA:28,0
DA:29,0
DA:31,0
DA:32,0
DA:34,0
DA:35,0
DA:37,1
DA:38,1
DA:40,0
DA:41,0
DA:45,2
LF:27
LH:17
BRDA:2,0,0,2
BRDA:2,0,1,2
BRDA:2,0,2,0
BRDA:2,0,3,0
BRDA:2,0,4,2
BRDA:2,0,5,2
BRDA:2,0,6,1
BRDA:2,0,7,3
BRDA:2,0,8,1
BRDA:2,0,9,0
BRDA:2,0,10,0
BRDA:2,0,11,0
BRDA:2,0,12,1
BRDA:2,0,13,0
BRF:14
BRH:8
end_of_record
TN:
SF:models\index.js
FN:25,(anonymous_0)
FN:33,(anonymous_1)
FN:41,(anonymous_2)
FNF:3
FNH:3
FNDA:8,(anonymous_0)
FNDA:6,(anonymous_1)
FNDA:6,(anonymous_2)
DA:3,2
DA:4,2
DA:5,2
DA:6,2
DA:7,2
DA:8,2
DA:9,2
DA:10,2
DA:13,2
DA:14,0
DA:16,2
DA:24,2
DA:26,8
DA:34,6
DA:38,6
DA:41,2
DA:42,6
DA:43,6
DA:47,2
DA:48,2
DA:50,2
LF:21
LH:20
BRDA:8,0,0,2
BRDA:8,0,1,0
BRDA:13,1,0,0
BRDA:13,1,1,2
BRDA:27,2,0,8
BRDA:27,2,1,8
BRDA:27,2,2,6
BRDA:27,2,3,6
BRDA:42,3,0,6
BRDA:42,3,1,0
BRF:10
BRH:7
end_of_record
TN:
SF:models\order.js
FN:3,(anonymous_0)
FN:5,(anonymous_1)
FNF:2
FNH:2
FNDA:2,(anonymous_0)
FNDA:2,(anonymous_1)
DA:2,2
DA:3,2
DA:6,2
DA:9,2
DA:14,2
DA:36,2
LF:6
LH:6
BRF:0
BRH:0
end_of_record
TN:
SF:models\product.js
FN:3,(anonymous_0)
FN:5,(anonymous_1)
FNF:2
FNH:2
FNDA:2,(anonymous_0)
FNDA:2,(anonymous_1)
DA:2,2
DA:3,2
DA:6,2
DA:11,2
DA:52,2
LF:5
LH:5
BRF:0
BRH:0
end_of_record
TN:
SF:models\user.js
FN:5,(anonymous_0)
FN:7,(anonymous_1)
FN:62,(anonymous_2)
FNF:3
FNH:3
FNDA:2,(anonymous_0)
FNDA:2,(anonymous_1)
FNDA:2,(anonymous_2)
DA:2,2
DA:3,2
DA:5,2
DA:8,2
DA:13,2
DA:63,2
DA:64,2
DA:65,2
DA:72,2
LF:9
LH:9
BRF:0
BRH:0
end_of_record
